#
# A fatal error has been detected by the Java Runtime Environment:
#
#  SIGSEGV (0xb) at pc=0xb6e56e48, pid=12980, tid=13008
#
# JRE version: OpenJDK Runtime Environment (9.0) (build 9-internal+0-2016-04-14-195526.buildd.src)
# Java VM: OpenJDK Server VM (9-internal+0-2016-04-14-195526.buildd.src, mixed mode, tiered, g1 gc, linux-x86)
# Problematic frame:
# C  [libjava.so+0x18e48]  JNU_GetEnv+0x18
#
# Core dump will be written. Default location: Core dumps may be processed with "/usr/share/apport/apport %p %s %c %d %P" (or dumping to /home/traore/M2COURS/m2cours/PHYG/TD_TME/TME1/BASS/phylip-3.696/exe/core.12980)
#
# If you would like to submit a bug report, please visit:
#   http://bugreport.java.com/bugreport/crash.jsp
# The crash happened outside the Java Virtual Machine in native code.
# See problematic frame for where to report the bug.
#

---------------  S U M M A R Y ------------

Command Line: DrawGram.jar

Host: Intel(R) Core(TM) i5-3340M CPU @ 2.70GHz, 4 cores, 3G, Ubuntu 16.04.4 LTS
Time: Wed Jul 18 22:53:08 2018 CEST elapsed time: 7 seconds (0d 0h 0m 7s)

---------------  T H R E A D  ---------------

Current thread (0x63f10400):  JavaThread "AWT-EventQueue-0" [_thread_in_native, id=13008, stack(0x63e0d000,0x63e5e000)]

Stack: [0x63e0d000,0x63e5e000],  sp=0x63e5b86c,  free space=314k
Native frames: (J=compiled Java code, j=interpreted, Vv=VM code, C=native code)
C  [libjava.so+0x18e48]  JNU_GetEnv+0x18
C  [libfontmanager.so+0x2faf5]
C  [libfreetype.so.6+0xf4dc]  FT_Stream_Seek+0x1c

Java frames: (J=compiled Java code, j=interpreted, Vv=VM code)
j  sun.font.FreetypeFontScaler.initNativeScaler(Lsun/font/Font2D;IIZI)J+0 java.desktop@9-internal
j  sun.font.FreetypeFontScaler.<init>(Lsun/font/Font2D;IZI)V+26 java.desktop@9-internal
v  ~StubRoutines::call_stub
j  sun.reflect.NativeConstructorAccessorImpl.newInstance0(Ljava/lang/reflect/Constructor;[Ljava/lang/Object;)Ljava/lang/Object;+0 java.base@9-internal
j  sun.reflect.NativeConstructorAccessorImpl.newInstance([Ljava/lang/Object;)Ljava/lang/Object;+85 java.base@9-internal
j  sun.reflect.DelegatingConstructorAccessorImpl.newInstance([Ljava/lang/Object;)Ljava/lang/Object;+5 java.base@9-internal
j  java.lang.reflect.Constructor.newInstance([Ljava/lang/Object;)Ljava/lang/Object;+65 java.base@9-internal
j  sun.font.FontScaler.getScaler(Lsun/font/Font2D;IZI)Lsun/font/FontScaler;+39 java.desktop@9-internal
j  sun.font.TrueTypeFont.getScaler()Lsun/font/FontScaler;+21 java.desktop@9-internal
j  sun.font.FileFontStrike.<init>(Lsun/font/FileFont;Lsun/font/FontStrikeDesc;)V+204 java.desktop@9-internal
j  sun.font.FileFont.createStrike(Lsun/font/FontStrikeDesc;)Lsun/font/FontStrike;+18 java.desktop@9-internal
j  sun.font.Font2D.getStrike(Lsun/font/FontStrikeDesc;Z)Lsun/font/FontStrike;+92 java.desktop@9-internal
j  sun.font.Font2D.getStrike(Lsun/font/FontStrikeDesc;)Lsun/font/FontStrike;+3 java.desktop@9-internal
j  sun.font.CompositeStrike.getStrikeForSlot(I)Lsun/font/PhysicalStrike;+23 java.desktop@9-internal
j  sun.font.CompositeStrike.getFontMetrics()Lsun/font/StrikeMetrics;+31 java.desktop@9-internal
j  sun.font.FontDesignMetrics.initMatrixAndMetrics()V+28 java.desktop@9-internal
j  sun.font.FontDesignMetrics.<init>(Ljava/awt/Font;Ljava/awt/font/FontRenderContext;)V+62 java.desktop@9-internal
j  sun.font.FontDesignMetrics.getMetrics(Ljava/awt/Font;Ljava/awt/font/FontRenderContext;)Lsun/font/FontDesignMetrics;+128 java.desktop@9-internal
j  sun.swing.SwingUtilities2.getFontMetrics(Ljavax/swing/JComponent;Ljava/awt/Font;)Ljava/awt/FontMetrics;+15 java.desktop@9-internal
j  javax.swing.JComponent.getFontMetrics(Ljava/awt/Font;)Ljava/awt/FontMetrics;+2 java.desktop@9-internal
j  javax.swing.text.PlainView.calculateLongestLine()V+19 java.desktop@9-internal
j  javax.swing.text.PlainView.updateMetrics()V+19 java.desktop@9-internal
j  javax.swing.text.PlainView.updateDamage(Ljavax/swing/event/DocumentEvent;Ljava/awt/Shape;Ljavax/swing/text/ViewFactory;)V+7 java.desktop@9-internal
j  javax.swing.text.PlainView.insertUpdate(Ljavax/swing/event/DocumentEvent;Ljava/awt/Shape;Ljavax/swing/text/ViewFactory;)V+4 java.desktop@9-internal
j  javax.swing.text.FieldView.insertUpdate(Ljavax/swing/event/DocumentEvent;Ljava/awt/Shape;Ljavax/swing/text/ViewFactory;)V+8 java.desktop@9-internal
j  javax.swing.plaf.basic.BasicTextUI$RootView.insertUpdate(Ljavax/swing/event/DocumentEvent;Ljava/awt/Shape;Ljavax/swing/text/ViewFactory;)V+14 java.desktop@9-internal
j  javax.swing.plaf.basic.BasicTextUI$UpdateHandler.insertUpdate(Ljavax/swing/event/DocumentEvent;)V+101 java.desktop@9-internal
j  javax.swing.text.AbstractDocument.fireInsertUpdate(Ljavax/swing/event/DocumentEvent;)V+39 java.desktop@9-internal
j  javax.swing.text.AbstractDocument.handleInsertString(ILjava/lang/String;Ljavax/swing/text/AttributeSet;)V+150 java.desktop@9-internal
j  javax.swing.text.AbstractDocument.insertString(ILjava/lang/String;Ljavax/swing/text/AttributeSet;)V+46 java.desktop@9-internal
j  javax.swing.text.PlainDocument.insertString(ILjava/lang/String;Ljavax/swing/text/AttributeSet;)V+104 java.desktop@9-internal
j  javax.swing.text.AbstractDocument.replace(IILjava/lang/String;Ljavax/swing/text/AttributeSet;)V+74 java.desktop@9-internal
j  javax.swing.text.JTextComponent.setText(Ljava/lang/String;)V+25 java.desktop@9-internal
j  drawgram.DrawgramUserInterface.initialize()V+260
j  drawgram.DrawgramUserInterface.<init>()V+18
j  drawgram.DrawgramUserInterface$1.run()V+4
j  java.awt.event.InvocationEvent.dispatch()V+47 java.desktop@9-internal
j  java.awt.EventQueue.dispatchEventImpl(Ljava/awt/AWTEvent;Ljava/lang/Object;)V+21 java.desktop@9-internal
j  java.awt.EventQueue.access$500(Ljava/awt/EventQueue;Ljava/awt/AWTEvent;Ljava/lang/Object;)V+3 java.desktop@9-internal
j  java.awt.EventQueue$3.run()Ljava/lang/Void;+32 java.desktop@9-internal
j  java.awt.EventQueue$3.run()Ljava/lang/Object;+1 java.desktop@9-internal
v  ~StubRoutines::call_stub
j  java.security.AccessController.doPrivileged(Ljava/security/PrivilegedAction;Ljava/security/AccessControlContext;)Ljava/lang/Object;+0 java.base@9-internal
j  java.security.ProtectionDomain$JavaSecurityAccessImpl.doIntersectionPrivilege(Ljava/security/PrivilegedAction;Ljava/security/AccessControlContext;Ljava/security/AccessControlContext;)Ljava/lang/Object;+18 java.base@9-internal
j  java.awt.EventQueue.dispatchEvent(Ljava/awt/AWTEvent;)V+46 java.desktop@9-internal
j  java.awt.EventDispatchThread.pumpOneEventForFilters(I)V+183 java.desktop@9-internal
j  java.awt.EventDispatchThread.pumpEventsForFilter(ILjava/awt/Conditional;Ljava/awt/EventFilter;)V+35 java.desktop@9-internal
j  java.awt.EventDispatchThread.pumpEventsForHierarchy(ILjava/awt/Conditional;Ljava/awt/Component;)V+11 java.desktop@9-internal
j  java.awt.EventDispatchThread.pumpEvents(ILjava/awt/Conditional;)V+4 java.desktop@9-internal
j  java.awt.EventDispatchThread.pumpEvents(Ljava/awt/Conditional;)V+3 java.desktop@9-internal
j  java.awt.EventDispatchThread.run()V+9 java.desktop@9-internal
v  ~StubRoutines::call_stub

siginfo: si_signo: 11 (SIGSEGV), si_code: 1 (SEGV_MAPERR), si_addr: 0x00000000

Register to memory mapping:

EAX=0x00000000 is an unknown value
EBX=0x6424e000: <offset 0x000c4000> in /usr/lib/jvm/java-9-openjdk-i386/lib/i386/libfontmanager.so at 0x6418a000
ECX=0x00010002 is an unknown value
EDX=0x00000000 is an unknown value
ESP=0x63e5b86c is pointing into the stack for thread: 0x63f10400
EBP=0x63e5b888 is pointing into the stack for thread: 0x63f10400
ESI=0x00000000 is an unknown value
EDI=0x00000000 is an unknown value


Registers:
EAX=0x00000000, EBX=0x6424e000, ECX=0x00010002, EDX=0x00000000
ESP=0x63e5b86c, EBP=0x63e5b888, ESI=0x00000000, EDI=0x00000000
EIP=0xb6e56e48, EFLAGS=0x00010246, CR2=0x0000000000000000

Top of Stack: (sp=0x63e5b86c)
0x63e5b86c:   00000000 63e5b8b8 b7fa8010 64137cdb
0x63e5b87c:   ec8fb900 00000000 669ddd88 63e5b8b8
0x63e5b88c:   641b9af5 00000000 00010002 a750003c
0x63e5b89c:   6369c9f4 b7fb7000 669ed2b8 640cf0b9
0x63e5b8ac:   6369c7b0 00000000 00000000 6369d278
0x63e5b8bc:   640d04dc 6369c7b0 00000000 00000000
0x63e5b8cc:   00000000 b7f60000 64170000 6369c7b0
0x63e5b8dc:   640e42b8 6369c7b0 00000000 00000001 

Instructions: (pc=0xb6e56e48)
0xb6e56e28:   ff eb f3 90 8d 74 26 00 55 89 e5 83 ec 1c 8b 45
0xb6e56e38:   08 65 8b 15 14 00 00 00 89 55 f4 31 d2 8b 4d 0c
0xb6e56e48:   8b 10 51 8d 4d f0 51 50 ff 52 18 8b 45 f0 8b 4d
0xb6e56e58:   f4 65 33 0d 14 00 00 00 75 02 c9 c3 e8 c7 5b 00 


---------------  P R O C E S S  ---------------

Java Threads: ( => current thread )
  0xa7302400 JavaThread "SeedGenerator Thread" daemon [_thread_blocked, id=13034, stack(0x637af000,0x63800000)]
  0x63688000 JavaThread "SeedGenerator Thread" daemon [_thread_in_Java, id=13009, stack(0x63957000,0x639a8000)]
  0xb6d0b400 JavaThread "DestroyJavaVM" [_thread_blocked, id=12981, stack(0xb6e6f000,0xb6ec0000)]
=>0x63f10400 JavaThread "AWT-EventQueue-0" [_thread_in_native, id=13008, stack(0x63e0d000,0x63e5e000)]
  0x63f0f400 JavaThread "AWT-Shutdown" [_thread_blocked, id=13007, stack(0x63e5e000,0x63eaf000)]
  0x669c8c00 JavaThread "AWT-XAWT" daemon [_thread_in_native, id=13006, stack(0x63eaf000,0x63f00000)]
  0x669f8000 JavaThread "Java2D Disposer" daemon [_thread_blocked, id=13005, stack(0x64045000,0x64096000)]
  0x66993c00 JavaThread "Service Thread" daemon [_thread_blocked, id=13003, stack(0x64796000,0x647e7000)]
  0x6694e400 JavaThread "Common-Cleaner" daemon [_thread_blocked, id=13002, stack(0x647e7000,0x64838000)]
  0x66944400 JavaThread "Sweeper thread" daemon [_thread_blocked, id=13001, stack(0x66439000,0x6648a000)]
  0x66943400 JavaThread "C1 CompilerThread2" daemon [_thread_blocked, id=13000, stack(0x6648a000,0x6650b000)]
  0x66941c00 JavaThread "C2 CompilerThread1" daemon [_thread_blocked, id=12999, stack(0x6650b000,0x6658c000)]
  0x66940400 JavaThread "C2 CompilerThread0" daemon [_thread_blocked, id=12998, stack(0x6658c000,0x6660d000)]
  0x6693f000 JavaThread "Signal Dispatcher" daemon [_thread_blocked, id=12997, stack(0x6660d000,0x6665e000)]
  0x6693d400 JavaThread "Surrogate Locker Thread (Concurrent GC)" daemon [_thread_blocked, id=12996, stack(0x6665e000,0x666af000)]
  0x6692ac00 JavaThread "Finalizer" daemon [_thread_blocked, id=12995, stack(0x668af000,0x66900000)]
  0x66929400 JavaThread "Reference Handler" daemon [_thread_blocked, id=12994, stack(0x66a05000,0x66a56000)]

Other Threads:
  0x66924400 VMThread [stack: 0x66a56000,0x66ad7000] [id=12993]
  0x66995000 WatcherThread [stack: 0x64715000,0x64796000] [id=13004]

Threads with active compile tasks:

VM state:not at safepoint (normal execution)

VM Mutex/Monitor currently owned by a thread: None

Heap:
 garbage-first heap   total 63488K, used 8472K [0x69600000, 0x697000f8, 0xa6c00000)
  region size 1024K, 8 young (8192K), 1 survivors (1024K)
 Metaspace       used 8068K, capacity 8512K, committed 8600K, reserved 9520K

Heap Regions: E=young(eden), S=young(survivor), O=old, HS=humongous(starts), HC=humongous(continues), CS=collection set, F=free, A=archive, TS=gc time stamp, AC=allocation context, TAMS=top-at-mark-start (previous, next)
|   0|0x69600000, 0x69700000, 0x69700000|100%| O|  |TS  1|AC  0|TAMS 0x69600000, 0x69600000|
|   1|0x69700000, 0x69746200, 0x69800000| 27%| O|  |TS  1|AC  0|TAMS 0x69700000, 0x69700000|
|   2|0x69800000, 0x69800000, 0x69900000|  0%| F|  |TS  0|AC  0|TAMS 0x69800000, 0x69800000|
|   3|0x69900000, 0x69900000, 0x69a00000|  0%| F|  |TS  0|AC  0|TAMS 0x69900000, 0x69900000|
|   4|0x69a00000, 0x69a00000, 0x69b00000|  0%| F|  |TS  0|AC  0|TAMS 0x69a00000, 0x69a00000|
|   5|0x69b00000, 0x69b00000, 0x69c00000|  0%| F|  |TS  0|AC  0|TAMS 0x69b00000, 0x69b00000|
|   6|0x69c00000, 0x69c00000, 0x69d00000|  0%| F|  |TS  0|AC  0|TAMS 0x69c00000, 0x69c00000|
|   7|0x69d00000, 0x69d00000, 0x69e00000|  0%| F|  |TS  0|AC  0|TAMS 0x69d00000, 0x69d00000|
|   8|0x69e00000, 0x69e00000, 0x69f00000|  0%| F|  |TS  0|AC  0|TAMS 0x69e00000, 0x69e00000|
|   9|0x69f00000, 0x69f00000, 0x6a000000|  0%| F|  |TS  0|AC  0|TAMS 0x69f00000, 0x69f00000|
|  10|0x6a000000, 0x6a000000, 0x6a100000|  0%| F|  |TS  0|AC  0|TAMS 0x6a000000, 0x6a000000|
|  11|0x6a100000, 0x6a100000, 0x6a200000|  0%| F|  |TS  0|AC  0|TAMS 0x6a100000, 0x6a100000|
|  12|0x6a200000, 0x6a200000, 0x6a300000|  0%| F|  |TS  0|AC  0|TAMS 0x6a200000, 0x6a200000|
|  13|0x6a300000, 0x6a300000, 0x6a400000|  0%| F|  |TS  0|AC  0|TAMS 0x6a300000, 0x6a300000|
|  14|0x6a400000, 0x6a400000, 0x6a500000|  0%| F|  |TS  0|AC  0|TAMS 0x6a400000, 0x6a400000|
|  15|0x6a500000, 0x6a500000, 0x6a600000|  0%| F|  |TS  0|AC  0|TAMS 0x6a500000, 0x6a500000|
|  16|0x6a600000, 0x6a600000, 0x6a700000|  0%| F|  |TS  0|AC  0|TAMS 0x6a600000, 0x6a600000|
|  17|0x6a700000, 0x6a700000, 0x6a800000|  0%| F|  |TS  0|AC  0|TAMS 0x6a700000, 0x6a700000|
|  18|0x6a800000, 0x6a800000, 0x6a900000|  0%| F|  |TS  0|AC  0|TAMS 0x6a800000, 0x6a800000|
|  19|0x6a900000, 0x6a900000, 0x6aa00000|  0%| F|  |TS  0|AC  0|TAMS 0x6a900000, 0x6a900000|
|  20|0x6aa00000, 0x6aa00000, 0x6ab00000|  0%| F|  |TS  0|AC  0|TAMS 0x6aa00000, 0x6aa00000|
|  21|0x6ab00000, 0x6ab00000, 0x6ac00000|  0%| F|  |TS  0|AC  0|TAMS 0x6ab00000, 0x6ab00000|
|  22|0x6ac00000, 0x6ac00000, 0x6ad00000|  0%| F|  |TS  0|AC  0|TAMS 0x6ac00000, 0x6ac00000|
|  23|0x6ad00000, 0x6ad00000, 0x6ae00000|  0%| F|  |TS  0|AC  0|TAMS 0x6ad00000, 0x6ad00000|
|  24|0x6ae00000, 0x6ae00000, 0x6af00000|  0%| F|  |TS  0|AC  0|TAMS 0x6ae00000, 0x6ae00000|
|  25|0x6af00000, 0x6af00000, 0x6b000000|  0%| F|  |TS  0|AC  0|TAMS 0x6af00000, 0x6af00000|
|  26|0x6b000000, 0x6b000000, 0x6b100000|  0%| F|  |TS  0|AC  0|TAMS 0x6b000000, 0x6b000000|
|  27|0x6b100000, 0x6b100000, 0x6b200000|  0%| F|  |TS  0|AC  0|TAMS 0x6b100000, 0x6b100000|
|  28|0x6b200000, 0x6b200000, 0x6b300000|  0%| F|  |TS  0|AC  0|TAMS 0x6b200000, 0x6b200000|
|  29|0x6b300000, 0x6b300000, 0x6b400000|  0%| F|  |TS  0|AC  0|TAMS 0x6b300000, 0x6b300000|
|  30|0x6b400000, 0x6b400000, 0x6b500000|  0%| F|  |TS  0|AC  0|TAMS 0x6b400000, 0x6b400000|
|  31|0x6b500000, 0x6b500000, 0x6b600000|  0%| F|  |TS  0|AC  0|TAMS 0x6b500000, 0x6b500000|
|  32|0x6b600000, 0x6b600000, 0x6b700000|  0%| F|  |TS  0|AC  0|TAMS 0x6b600000, 0x6b600000|
|  33|0x6b700000, 0x6b700000, 0x6b800000|  0%| F|  |TS  0|AC  0|TAMS 0x6b700000, 0x6b700000|
|  34|0x6b800000, 0x6b800000, 0x6b900000|  0%| F|  |TS  0|AC  0|TAMS 0x6b800000, 0x6b800000|
|  35|0x6b900000, 0x6b900000, 0x6ba00000|  0%| F|  |TS  0|AC  0|TAMS 0x6b900000, 0x6b900000|
|  36|0x6ba00000, 0x6ba00000, 0x6bb00000|  0%| F|  |TS  0|AC  0|TAMS 0x6ba00000, 0x6ba00000|
|  37|0x6bb00000, 0x6bb00000, 0x6bc00000|  0%| F|  |TS  0|AC  0|TAMS 0x6bb00000, 0x6bb00000|
|  38|0x6bc00000, 0x6bc00000, 0x6bd00000|  0%| F|  |TS  0|AC  0|TAMS 0x6bc00000, 0x6bc00000|
|  39|0x6bd00000, 0x6bd00000, 0x6be00000|  0%| F|  |TS  0|AC  0|TAMS 0x6bd00000, 0x6bd00000|
|  40|0x6be00000, 0x6be00000, 0x6bf00000|  0%| F|  |TS  0|AC  0|TAMS 0x6be00000, 0x6be00000|
|  41|0x6bf00000, 0x6bf00000, 0x6c000000|  0%| F|  |TS  0|AC  0|TAMS 0x6bf00000, 0x6bf00000|
|  42|0x6c000000, 0x6c000000, 0x6c100000|  0%| F|  |TS  0|AC  0|TAMS 0x6c000000, 0x6c000000|
|  43|0x6c100000, 0x6c100000, 0x6c200000|  0%| F|  |TS  0|AC  0|TAMS 0x6c100000, 0x6c100000|
|  44|0x6c200000, 0x6c200000, 0x6c300000|  0%| F|  |TS  0|AC  0|TAMS 0x6c200000, 0x6c200000|
|  45|0x6c300000, 0x6c300000, 0x6c400000|  0%| F|  |TS  0|AC  0|TAMS 0x6c300000, 0x6c300000|
|  46|0x6c400000, 0x6c400000, 0x6c500000|  0%| F|  |TS  0|AC  0|TAMS 0x6c400000, 0x6c400000|
|  47|0x6c500000, 0x6c500000, 0x6c600000|  0%| F|  |TS  0|AC  0|TAMS 0x6c500000, 0x6c500000|
|  48|0x6c600000, 0x6c600000, 0x6c700000|  0%| F|  |TS  0|AC  0|TAMS 0x6c600000, 0x6c600000|
|  49|0x6c700000, 0x6c700000, 0x6c800000|  0%| F|  |TS  0|AC  0|TAMS 0x6c700000, 0x6c700000|
|  50|0x6c800000, 0x6c800000, 0x6c900000|  0%| F|  |TS  0|AC  0|TAMS 0x6c800000, 0x6c800000|
|  51|0x6c900000, 0x6c900000, 0x6ca00000|  0%| F|  |TS  0|AC  0|TAMS 0x6c900000, 0x6c900000|
|  52|0x6ca00000, 0x6ca00000, 0x6cb00000|  0%| F|  |TS  0|AC  0|TAMS 0x6ca00000, 0x6ca00000|
|  53|0x6cb00000, 0x6cb00000, 0x6cc00000|  0%| F|  |TS  0|AC  0|TAMS 0x6cb00000, 0x6cb00000|
|  54|0x6cc00000, 0x6cd00000, 0x6cd00000|100%| S|CS|TS  1|AC  0|TAMS 0x6cc00000, 0x6cc00000|
|  55|0x6cd00000, 0x6ce00000, 0x6ce00000|100%| E|  |TS  0|AC  0|TAMS 0x6cd00000, 0x6cd00000|
|  56|0x6ce00000, 0x6cf00000, 0x6cf00000|100%| E|CS|TS  0|AC  0|TAMS 0x6ce00000, 0x6ce00000|
|  57|0x6cf00000, 0x6d000000, 0x6d000000|100%| E|CS|TS  0|AC  0|TAMS 0x6cf00000, 0x6cf00000|
|  58|0x6d000000, 0x6d100000, 0x6d100000|100%| E|CS|TS  0|AC  0|TAMS 0x6d000000, 0x6d000000|
|  59|0x6d100000, 0x6d200000, 0x6d200000|100%| E|CS|TS  0|AC  0|TAMS 0x6d100000, 0x6d100000|
|  60|0x6d200000, 0x6d300000, 0x6d300000|100%| E|CS|TS  0|AC  0|TAMS 0x6d200000, 0x6d200000|
|  61|0x6d300000, 0x6d400000, 0x6d400000|100%| E|CS|TS  0|AC  0|TAMS 0x6d300000, 0x6d300000|

Card table byte_map: [0x6903f000,0x6922a000] byte_map_base: 0x68cf4000

Marking Bits (Prev, Next): (CMBitMap*) 0xb6d74544, (CMBitMap*) 0xb6d74570
 Prev Bits: [0x67efc000, 0x68e54000)
 Next Bits: [0x66fa4000, 0x67efc000)

Polling page: 0xb7f6e000

CodeHeap 'non-nmethods': size=5412Kb used=748Kb max_used=764Kb free=4663Kb
 bounds [0xa7b25000, 0xa7d65000, 0xa806e000]
CodeHeap 'profiled nmethods': size=120172Kb used=1233Kb max_used=1233Kb free=118938Kb
 bounds [0xa806e000, 0xa82ae000, 0xaf5c9000]
CodeHeap 'non-profiled nmethods': size=120176Kb used=216Kb max_used=216Kb free=119960Kb
 bounds [0xaf5c9000, 0xaf809000, 0xb6b25000]
 total_blobs=1282 nmethods=812 adapters=179
 compilation: enabled

Compilation events (10 events):
Event: 7,529 Thread 0x66943400  808  s!   3       sun.font.TrueTypeFont::open (157 bytes)
Event: 7,531 Thread 0x66943400 nmethod 808 0xa819ed88 code [0xa819f0e0, 0xa81a09c0]
Event: 7,531 Thread 0x66943400  809  s    3       sun.font.TrueTypeFont::close (8 bytes)
Event: 7,531 Thread 0x66943400 nmethod 809 0xa81a1a88 code [0xa81a1ba0, 0xa81a1dcc]
Event: 7,531 Thread 0x66943400  810  s!   3       sun.font.TrueTypeFont$TTDisposerRecord::dispose (40 bytes)
Event: 7,531 Thread 0x66943400 nmethod 810 0xa81a1e88 code [0xa81a1fc0, 0xa81a23cc]
Event: 7,533 Thread 0x66941c00  811   !   4       sun.nio.cs.UnicodeDecoder::decodeLoop (326 bytes)
Event: 7,541 Thread 0x66941c00 nmethod 811 0xaf5fe188 code [0xaf5fe2c0, 0xaf5fe7b0]
Event: 7,541 Thread 0x66940400  812       4       java.lang.CharacterData::of (120 bytes)
Event: 7,542 Thread 0x66940400 nmethod 812 0xaf5fed08 code [0xaf5feea0, 0xaf5fef50]

GC Heap History (2 events):
Event: 6,854 GC heap before
{Heap before GC invocations=0 (full 0):
 garbage-first heap   total 63488K, used 7168K [0x69600000, 0x697000f8, 0xa6c00000)
  region size 1024K, 7 young (7168K), 0 survivors (0K)
 Metaspace       used 7836K, capacity 8254K, committed 8344K, reserved 8496K
}
Event: 6,870 GC heap after
{Heap after GC invocations=1 (full 0):
 garbage-first heap   total 63488K, used 2328K [0x69600000, 0x697000f8, 0xa6c00000)
  region size 1024K, 1 young (1024K), 1 survivors (1024K)
 Metaspace       used 7836K, capacity 8254K, committed 8344K, reserved 8496K
}

Deoptimization events (10 events):
Event: 0,921 Thread 0xb6d0b400 Uncommon trap: reason=bimorphic action=maybe_recompile pc=0xaf5d3780 method=java.util.HashMap.getNode(ILjava/lang/Object;)Ljava/util/HashMap$Node; @ 59
Event: 0,921 Thread 0xb6d0b400 Uncommon trap: reason=bimorphic action=maybe_recompile pc=0xaf5d3780 method=java.util.HashMap.getNode(ILjava/lang/Object;)Ljava/util/HashMap$Node; @ 59
Event: 1,019 Thread 0x63f10400 Uncommon trap: reason=unstable_if action=reinterpret pc=0xaf5cf464 method=java.util.HashMap.putVal(ILjava/lang/Object;Ljava/lang/Object;ZZ)Ljava/lang/Object; @ 181
Event: 1,043 Thread 0x63f10400 Uncommon trap: reason=unstable_if action=reinterpret pc=0xaf5d0eb0 method=java.util.HashMap.putVal(ILjava/lang/Object;Ljava/lang/Object;ZZ)Ljava/lang/Object; @ 181
Event: 1,563 Thread 0x63688000 Uncommon trap: reason=unstable_if action=reinterpret pc=0xaf5e862c method=sun.security.provider.SeedGenerator$ThreadedSeedGenerator.run()V @ 120
Event: 6,399 Thread 0x63f10400 Uncommon trap: reason=unstable_if action=reinterpret pc=0xaf5de338 method=java.lang.String.equals(Ljava/lang/Object;)Z @ 27
Event: 6,575 Thread 0x63f10400 Uncommon trap: reason=unstable_if action=reinterpret pc=0xaf5d4054 method=java.lang.String.charAt(I)C @ 4
Event: 7,471 Thread 0x63f10400 Uncommon trap: reason=unstable_if action=reinterpret pc=0xaf5cfe1c method=java.lang.String.hashCode()I @ 20
Event: 7,471 Thread 0x63f10400 Uncommon trap: reason=unstable_if action=reinterpret pc=0xaf5e7a34 method=java.lang.CharacterData.of(I)Ljava/lang/CharacterData; @ 4
Event: 7,477 Thread 0x63f10400 Uncommon trap: reason=unstable_if action=reinterpret pc=0xaf5f9cbc method=java.lang.String.equals(Ljava/lang/Object;)Z @ 34

Classes redefined (0 events):
No events

Internal exceptions (5 events):
Event: 0,396 Thread 0xb6d0b400 Exception <a 'java/lang/ClassNotFoundException': sun/awt/resources/awtProvider> (0x6d148170) thrown at [/build/openjdk-9-GMfJKp/openjdk-9-9~b114/src/hotspot/src/share/vm/classfile/systemDictionary.cpp, line 224]
Event: 0,461 Thread 0xb6d0b400 Exception <a 'java/io/FileNotFoundException'> (0x6d185560) thrown at [/build/openjdk-9-GMfJKp/openjdk-9-9~b114/src/hotspot/src/share/vm/prims/jni.cpp, line 605]
Event: 0,465 Thread 0xb6d0b400 Exception <a 'java/io/FileNotFoundException'> (0x6d18ccd0) thrown at [/build/openjdk-9-GMfJKp/openjdk-9-9~b114/src/hotspot/src/share/vm/prims/jni.cpp, line 605]
Event: 1,045 Thread 0x63f10400 Exception <a 'java/lang/ClassNotFoundException': com/sun/swing/internal/plaf/metal/resources/metalProvider> (0x6cf5de00) thrown at [/build/openjdk-9-GMfJKp/openjdk-9-9~b114/src/hotspot/src/share/vm/classfile/systemDictionary.cpp, line 224]
Event: 1,046 Thread 0x63f10400 Exception <a 'java/lang/ClassNotFoundException': com/sun/swing/internal/plaf/basic/resources/basicProvider> (0x6cf61d58) thrown at [/build/openjdk-9-GMfJKp/openjdk-9-9~b114/src/hotspot/src/share/vm/classfile/systemDictionary.cpp, line 224]

Events (10 events):
Event: 7,543 loading class sun/font/StrikeCache$SoftDisposerRef
Event: 7,543 loading class sun/font/StrikeCache$DisposableStrike
Event: 7,543 loading class sun/font/StrikeCache$DisposableStrike done
Event: 7,544 loading class sun/font/StrikeCache$SoftDisposerRef done
Event: 7,544 loading class sun/font/FileFontStrike
Event: 7,544 loading class sun/font/FileFontStrike done
Event: 7,544 loading class sun/font/FontScaler
Event: 7,544 loading class sun/font/FontScaler done
Event: 7,544 loading class sun/font/FreetypeFontScaler
Event: 7,544 loading class sun/font/FreetypeFontScaler done


Dynamic libraries:
08048000-08049000 r-xp 00000000 08:08 549328     /usr/lib/jvm/java-9-openjdk-i386/bin/java
08049000-0804a000 r--p 00000000 08:08 549328     /usr/lib/jvm/java-9-openjdk-i386/bin/java
0804a000-0804b000 rw-p 00001000 08:08 549328     /usr/lib/jvm/java-9-openjdk-i386/bin/java
0932a000-0934b000 rw-p 00000000 00:00 0          [heap]
632a4000-632c4000 rw-p 00000000 00:00 0 
632c4000-633a4000 ---p 00000000 00:00 0 
633a4000-633ba000 r--s 00000000 08:08 1182321    /usr/share/fonts/type1/gsfonts/n021024l.pfb
633ba000-633d1000 r--s 00000000 08:08 1182351    /usr/share/fonts/type1/gsfonts/z003034l.pfb
633d1000-633ea000 r--s 00000000 08:08 1182261    /usr/share/fonts/type1/gsfonts/b018012l.pfb
633ea000-63402000 r--s 00000000 08:08 1182279    /usr/share/fonts/type1/gsfonts/c059033l.pfb
63402000-63413000 r--s 00000000 08:08 1182306    /usr/share/fonts/type1/gsfonts/n019063l.pfb
63413000-63425000 r--s 00000000 08:08 1182300    /usr/share/fonts/type1/gsfonts/n019043l.pfb
63425000-63440000 r--s 00000000 08:08 1182336    /usr/share/fonts/type1/gsfonts/p052003l.pfb
63440000-63456000 r--s 00000000 08:08 1182330    /usr/share/fonts/type1/gsfonts/n022023l.pfb
63456000-63468000 r--s 00000000 08:08 1182270    /usr/share/fonts/type1/gsfonts/b018035l.pfb
63468000-63481000 r--s 00000000 08:08 1182315    /usr/share/fonts/type1/gsfonts/n021004l.pfb
63481000-6348d000 r--s 00000000 08:08 1182285    /usr/share/fonts/type1/gsfonts/d050000l.pfb
6348d000-6349e000 r--s 00000000 08:08 1182294    /usr/share/fonts/type1/gsfonts/n019023l.pfb
6349e000-634b1000 r--s 00000000 08:08 1182309    /usr/share/fonts/type1/gsfonts/n019064l.pfb
634b1000-634ba000 r--s 00000000 08:08 1182348    /usr/share/fonts/type1/gsfonts/s050000l.pfb
634ba000-634d1000 r--s 00000000 08:08 1182318    /usr/share/fonts/type1/gsfonts/n021023l.pfb
634d1000-634ec000 r--s 00000000 08:08 1182342    /usr/share/fonts/type1/gsfonts/p052023l.pfb
634ec000-634fc000 r--s 00000000 08:08 1182249    /usr/share/fonts/type1/gsfonts/a010013l.pfb
634fc000-6350e000 r--s 00000000 08:08 1182291    /usr/share/fonts/type1/gsfonts/n019004l.pfb
6350e000-63524000 r--s 00000000 08:08 1182333    /usr/share/fonts/type1/gsfonts/n022024l.pfb
63524000-6353d000 r--s 00000000 08:08 1182327    /usr/share/fonts/type1/gsfonts/n022004l.pfb
6353d000-63557000 r--s 00000000 08:08 1182273    /usr/share/fonts/type1/gsfonts/c059013l.pfb
63557000-63567000 r--s 00000000 08:08 1182255    /usr/share/fonts/type1/gsfonts/a010033l.pfb
63567000-63578000 r--s 00000000 08:08 1182258    /usr/share/fonts/type1/gsfonts/a010035l.pfb
63578000-6358d000 r--s 00000000 08:08 1182267    /usr/share/fonts/type1/gsfonts/b018032l.pfb
6358d000-635a8000 r--s 00000000 08:08 1182339    /usr/share/fonts/type1/gsfonts/p052004l.pfb
635a8000-635c3000 r--s 00000000 08:08 1182276    /usr/share/fonts/type1/gsfonts/c059016l.pfb
635c3000-635dc000 r--s 00000000 08:08 1182312    /usr/share/fonts/type1/gsfonts/n021003l.pfb
635dc000-635ed000 r--s 00000000 08:08 1182297    /usr/share/fonts/type1/gsfonts/n019024l.pfb
635ed000-63600000 r--s 00000000 08:08 1182264    /usr/share/fonts/type1/gsfonts/b018015l.pfb
63600000-636de000 rw-p 00000000 00:00 0 
636de000-63700000 ---p 00000000 00:00 0 
63703000-6371f000 r--s 00000000 08:08 1182345    /usr/share/fonts/type1/gsfonts/p052024l.pfb
6371f000-63733000 r--s 00000000 08:08 1182288    /usr/share/fonts/type1/gsfonts/n019003l.pfb
63733000-6374b000 r--s 00000000 08:08 1182282    /usr/share/fonts/type1/gsfonts/c059036l.pfb
6374b000-63753000 r--s 00000000 08:08 183939     /var/cache/fontconfig/945677eb7aeaf62f1d50efc3fb3ec7d8-le32d4.cache-6
63753000-63757000 r--s 00000000 08:08 183921     /var/cache/fontconfig/2cd17615ca594fa2959ae173292e504c-le32d4.cache-6
63757000-63766000 r--s 00000000 08:08 183915     /var/cache/fontconfig/04aabc0a78ac019cf9454389977116d2-le32d4.cache-6
63768000-63778000 r--s 00000000 08:08 1182252    /usr/share/fonts/type1/gsfonts/a010015l.pfb
63778000-6378a000 r--s 00000000 08:08 1182303    /usr/share/fonts/type1/gsfonts/n019044l.pfb
6378a000-63793000 r--s 00000000 08:08 1181541    /usr/share/fonts/X11/Type1/c0633bt_.pfb
63793000-6379d000 r--s 00000000 08:08 1181533    /usr/share/fonts/X11/Type1/c0582bt_.pfb
6379d000-637a6000 r--s 00000000 08:08 1181539    /usr/share/fonts/X11/Type1/c0632bt_.pfb
637a6000-637af000 r--s 00000000 08:08 1181543    /usr/share/fonts/X11/Type1/c0648bt_.pfb
637af000-637b3000 ---p 00000000 00:00 0 
637b3000-63800000 rw-p 00000000 00:00 0 
63800000-63900000 rw-p 00000000 00:00 0 
63900000-63901000 r--s 00000000 08:08 183918     /var/cache/fontconfig/0d8c3b2ac0904cb8a57a757ad11a4a08-le32d4.cache-6
63901000-63902000 r--s 00000000 08:08 183920     /var/cache/fontconfig/1ac9eb803944fde146138c791f5cc56a-le32d4.cache-6
63902000-63905000 r--s 00000000 08:08 183925     /var/cache/fontconfig/385c0604a188198f04d133e54aba7fe7-le32d4.cache-6
63905000-63906000 r--s 00000000 08:08 183952     /var/cache/fontconfig/dc05db6664285cc2f12bf69c139ae4c3-le32d4.cache-6
63906000-6390a000 ---p 00000000 00:00 0 
6390a000-63957000 rw-p 00000000 00:00 0 
63957000-6395b000 ---p 00000000 00:00 0 
6395b000-639a8000 rw-p 00000000 00:00 0 
639a8000-639b7000 r--s 00000000 08:08 183915     /var/cache/fontconfig/04aabc0a78ac019cf9454389977116d2-le32d4.cache-6
639b7000-639b9000 r--s 00000000 08:08 183935     /var/cache/fontconfig/767a8244fc0220cfb567a839d0392e0b-le32d4.cache-6
639b9000-639bd000 r--s 00000000 08:08 183938     /var/cache/fontconfig/8801497958630a81b71ace7c5f9b32a8-le32d4.cache-6
639c0000-639ca000 r--s 00000000 08:08 1181537    /usr/share/fonts/X11/Type1/c0611bt_.pfb
639ca000-639d4000 r--s 00000000 08:08 1181531    /usr/share/fonts/X11/Type1/c0419bt_.pfb
639d4000-639dd000 r--s 00000000 08:08 1181545    /usr/share/fonts/X11/Type1/c0649bt_.pfb
639dd000-639e7000 r--s 00000000 08:08 1181535    /usr/share/fonts/X11/Type1/c0583bt_.pfb
639e7000-639ec000 r--s 00000000 08:08 183922     /var/cache/fontconfig/3047814df9a2f067bd2d96a2b9c36e5a-le32d4.cache-6
639ec000-639f0000 r--s 00000000 08:08 183943     /var/cache/fontconfig/b47c4e1ecd0709278f4910c18777a504-le32d4.cache-6
639f0000-63a00000 r--s 00000000 08:08 183949     /var/cache/fontconfig/d52a8644073d54c13679302ca1180695-le32d4.cache-6
63a00000-63b00000 rw-p 00000000 00:00 0 
63b00000-63c00000 rw-p 00000000 00:00 0 
63c00000-63d00000 rw-p 00000000 00:00 0 
63d00000-63d01000 r--s 00000000 08:08 183926     /var/cache/fontconfig/4794a0821666d79190d59a36cb4f44b5-le32d4.cache-6
63d01000-63d09000 r--s 00000000 08:08 183939     /var/cache/fontconfig/945677eb7aeaf62f1d50efc3fb3ec7d8-le32d4.cache-6
63d09000-63d0d000 r--s 00000000 08:08 183921     /var/cache/fontconfig/2cd17615ca594fa2959ae173292e504c-le32d4.cache-6
63d0d000-63e0d000 rw-p 00000000 00:00 0 
63e0d000-63e11000 ---p 00000000 00:00 0 
63e11000-63e5e000 rw-p 00000000 00:00 0 
63e5e000-63e62000 ---p 00000000 00:00 0 
63e62000-63eaf000 rw-p 00000000 00:00 0 
63eaf000-63eb3000 ---p 00000000 00:00 0 
63eb3000-63f00000 rw-p 00000000 00:00 0 
63f00000-63f21000 rw-p 00000000 00:00 0 
63f21000-64000000 ---p 00000000 00:00 0 
64000000-64001000 r--s 00000000 08:08 183945     /var/cache/fontconfig/bab58bb527bb656aaa9f116d68a48d89-le32d4.cache-6
64001000-64002000 r--s 00000000 08:08 183929     /var/cache/fontconfig/56cf4f4769d0f4abc89a4895d7bd3ae1-le32d4.cache-6
64002000-64003000 r--s 00000000 08:08 183944     /var/cache/fontconfig/b9d506c9ac06c20b433354fa67a72993-le32d4.cache-6
64003000-64004000 r--s 00000000 08:08 183918     /var/cache/fontconfig/0d8c3b2ac0904cb8a57a757ad11a4a08-le32d4.cache-6
64004000-64007000 r--s 00000000 08:08 183925     /var/cache/fontconfig/385c0604a188198f04d133e54aba7fe7-le32d4.cache-6
64007000-6400b000 r--s 00000000 08:08 183938     /var/cache/fontconfig/8801497958630a81b71ace7c5f9b32a8-le32d4.cache-6
6400b000-6401b000 r--s 00000000 08:08 183949     /var/cache/fontconfig/d52a8644073d54c13679302ca1180695-le32d4.cache-6
6401b000-6401c000 r--s 00000000 08:08 183928     /var/cache/fontconfig/551ecf3b0e8b0bca0f25c0944f561853-le32d4.cache-6
6401c000-64025000 r--s 00000000 08:08 184097     /var/cache/fontconfig/d589a48862398ed80a3d6066f4f56f4c-le32d4.cache-6
64025000-64026000 r--s 00000000 08:08 183923     /var/cache/fontconfig/30829fa25452a46451e813d634d7f916-le32d4.cache-6
64026000-64027000 r--s 00000000 08:08 183917     /var/cache/fontconfig/0c9eb80ebd1c36541ebe2852d3bb0c49-le32d4.cache-6
64027000-6402a000 r--s 00000000 08:08 183934     /var/cache/fontconfig/75114ca45c98e8a441da0ff356701271-le32d4.cache-6
6402a000-64032000 r--s 00000000 08:08 183937     /var/cache/fontconfig/83bf95040141907cd45bb53cf7c1c148-le32d4.cache-6
64032000-64040000 r--s 00000000 08:08 183941     /var/cache/fontconfig/9b89f8e3dae116d678bbf48e5f21f69b-le32d4.cache-6
64040000-64042000 r--s 00000000 08:08 183953     /var/cache/fontconfig/e13b20fdb08344e0e664864cc2ede53d-le32d4.cache-6
64042000-64045000 r--s 00000000 08:08 183931     /var/cache/fontconfig/7ef2298fde41cc6eeb7af42e48b7d293-le32d4.cache-6
64045000-64049000 ---p 00000000 00:00 0 
64049000-64096000 rw-p 00000000 00:00 0 
64096000-640bf000 r-xp 00000000 08:08 399319     /lib/i386-linux-gnu/libpng12.so.0.54.0
640bf000-640c0000 r--p 00028000 08:08 399319     /lib/i386-linux-gnu/libpng12.so.0.54.0
640c0000-640c1000 rw-p 00029000 08:08 399319     /lib/i386-linux-gnu/libpng12.so.0.54.0
640c1000-6416c000 r-xp 00000000 08:08 658407     /usr/lib/i386-linux-gnu/libfreetype.so.6.12.1
6416c000-64170000 r--p 000aa000 08:08 658407     /usr/lib/i386-linux-gnu/libfreetype.so.6.12.1
64170000-64171000 rw-p 000ae000 08:08 658407     /usr/lib/i386-linux-gnu/libfreetype.so.6.12.1
64171000-64172000 r--s 00000000 08:08 183920     /var/cache/fontconfig/1ac9eb803944fde146138c791f5cc56a-le32d4.cache-6
64172000-64173000 r--s 00000000 08:08 183952     /var/cache/fontconfig/dc05db6664285cc2f12bf69c139ae4c3-le32d4.cache-6
64173000-6417c000 r--s 00000000 08:08 184097     /var/cache/fontconfig/d589a48862398ed80a3d6066f4f56f4c-le32d4.cache-6
6417c000-6418a000 r--s 00000000 08:08 183941     /var/cache/fontconfig/9b89f8e3dae116d678bbf48e5f21f69b-le32d4.cache-6
6418a000-6424c000 r-xp 00000000 08:08 549343     /usr/lib/jvm/java-9-openjdk-i386/lib/i386/libfontmanager.so
6424c000-6424e000 r--p 000c1000 08:08 549343     /usr/lib/jvm/java-9-openjdk-i386/lib/i386/libfontmanager.so
6424e000-6424f000 rw-p 000c3000 08:08 549343     /usr/lib/jvm/java-9-openjdk-i386/lib/i386/libfontmanager.so
6424f000-6434f000 rw-p 00000000 00:00 0 
6434f000-64375000 r--p 00000000 08:08 932226     /usr/share/locale-langpack/fr/LC_MESSAGES/libc.mo
64375000-64399000 r-xp 00000000 08:08 659382     /usr/lib/i386-linux-gnu/libxcb.so.1.1.0
64399000-6439a000 r--p 00023000 08:08 659382     /usr/lib/i386-linux-gnu/libxcb.so.1.1.0
6439a000-6439b000 rw-p 00024000 08:08 659382     /usr/lib/i386-linux-gnu/libxcb.so.1.1.0
6439b000-644e1000 r-xp 00000000 08:08 657965     /usr/lib/i386-linux-gnu/libX11.so.6.3.0
644e1000-644e2000 ---p 00146000 08:08 657965     /usr/lib/i386-linux-gnu/libX11.so.6.3.0
644e2000-644e3000 r--p 00146000 08:08 657965     /usr/lib/i386-linux-gnu/libX11.so.6.3.0
644e3000-644e5000 rw-p 00147000 08:08 657965     /usr/lib/i386-linux-gnu/libX11.so.6.3.0
644e5000-644e6000 rw-p 00000000 00:00 0 
644e6000-6453a000 r-xp 00000000 08:08 549371     /usr/lib/jvm/java-9-openjdk-i386/lib/i386/libawt_xawt.so
6453a000-6453b000 r--p 00053000 08:08 549371     /usr/lib/jvm/java-9-openjdk-i386/lib/i386/libawt_xawt.so
6453b000-6453d000 rw-p 00054000 08:08 549371     /usr/lib/jvm/java-9-openjdk-i386/lib/i386/libawt_xawt.so
6453d000-6453e000 rw-p 00000000 00:00 0 
6453e000-645d4000 r-xp 00000000 08:08 549342     /usr/lib/jvm/java-9-openjdk-i386/lib/i386/libawt.so
645d4000-645d5000 r--p 00095000 08:08 549342     /usr/lib/jvm/java-9-openjdk-i386/lib/i386/libawt.so
645d5000-645dc000 rw-p 00096000 08:08 549342     /usr/lib/jvm/java-9-openjdk-i386/lib/i386/libawt.so
645dc000-64600000 rw-p 00000000 00:00 0 
64600000-646ed000 rw-p 00000000 00:00 0 
646ed000-64700000 ---p 00000000 00:00 0 
64700000-64702000 r--s 00000000 08:08 183935     /var/cache/fontconfig/767a8244fc0220cfb567a839d0392e0b-le32d4.cache-6
64702000-64713000 r-xp 00000000 08:08 657992     /usr/lib/i386-linux-gnu/libXi.so.6.1.0
64713000-64714000 r--p 00010000 08:08 657992     /usr/lib/i386-linux-gnu/libXi.so.6.1.0
64714000-64715000 rw-p 00011000 08:08 657992     /usr/lib/i386-linux-gnu/libXi.so.6.1.0
64715000-64716000 ---p 00000000 00:00 0 
64716000-64796000 rw-p 00000000 00:00 0 
64796000-6479a000 ---p 00000000 00:00 0 
6479a000-647e7000 rw-p 00000000 00:00 0 
647e7000-647eb000 ---p 00000000 00:00 0 
647eb000-66439000 rw-p 00000000 00:00 0 
66439000-6643d000 ---p 00000000 00:00 0 
6643d000-6648a000 rw-p 00000000 00:00 0 
6648a000-6648e000 ---p 00000000 00:00 0 
6648e000-6650b000 rw-p 00000000 00:00 0 
6650b000-6650f000 ---p 00000000 00:00 0 
6650f000-6658c000 rw-p 00000000 00:00 0 
6658c000-66590000 ---p 00000000 00:00 0 
66590000-6660d000 rw-p 00000000 00:00 0 
6660d000-66611000 ---p 00000000 00:00 0 
66611000-6665e000 rw-p 00000000 00:00 0 
6665e000-66662000 ---p 00000000 00:00 0 
66662000-666af000 rw-p 00000000 00:00 0 
666af000-668af000 r--p 00000000 08:08 662647     /usr/lib/locale/locale-archive
668af000-668b3000 ---p 00000000 00:00 0 
668b3000-66900000 rw-p 00000000 00:00 0 
66900000-66a00000 rw-p 00000000 00:00 0 
66a00000-66a05000 r--s 00000000 08:08 183922     /var/cache/fontconfig/3047814df9a2f067bd2d96a2b9c36e5a-le32d4.cache-6
66a05000-66a09000 ---p 00000000 00:00 0 
66a09000-66a56000 rw-p 00000000 00:00 0 
66a56000-66a57000 ---p 00000000 00:00 0 
66a57000-66f1d000 rw-p 00000000 00:00 0 
66f1d000-66f23000 ---p 00000000 00:00 0 
66f23000-66f24000 ---p 00000000 00:00 0 
66f24000-6709c000 rw-p 00000000 00:00 0 
6709c000-67efc000 ---p 00000000 00:00 0 
67efc000-67ff4000 rw-p 00000000 00:00 0 
67ff4000-68e54000 ---p 00000000 00:00 0 
68e54000-68e73000 rw-p 00000000 00:00 0 
68e73000-6903f000 ---p 00000000 00:00 0 
6903f000-6905e000 rw-p 00000000 00:00 0 
6905e000-69415000 ---p 00000000 00:00 0 
69415000-69434000 rw-p 00000000 00:00 0 
69434000-69600000 ---p 00000000 00:00 0 
69600000-6d400000 rw-p 00000000 00:00 0 
6d400000-a6c00000 ---p 00000000 00:00 0 
a6c00000-a6c01000 r--s 00000000 08:08 183926     /var/cache/fontconfig/4794a0821666d79190d59a36cb4f44b5-le32d4.cache-6
a6c01000-a6c05000 r--s 00000000 08:08 183943     /var/cache/fontconfig/b47c4e1ecd0709278f4910c18777a504-le32d4.cache-6
a6c05000-a6c0d000 r--s 00000000 08:08 183937     /var/cache/fontconfig/83bf95040141907cd45bb53cf7c1c148-le32d4.cache-6
a6c0d000-a6c20000 r-xp 00000000 08:08 657982     /usr/lib/i386-linux-gnu/libXext.so.6.4.0
a6c20000-a6c21000 r--p 00012000 08:08 657982     /usr/lib/i386-linux-gnu/libXext.so.6.4.0
a6c21000-a6c22000 rw-p 00013000 08:08 657982     /usr/lib/i386-linux-gnu/libXext.so.6.4.0
a6c22000-a6c7d000 rw-p 00000000 00:00 0 
a6c7d000-a6c7e000 ---p 00000000 00:00 0 
a6c7e000-a6cfe000 rw-p 00000000 00:00 0 
a6cfe000-a6cff000 ---p 00000000 00:00 0 
a6cff000-a6d7f000 rw-p 00000000 00:00 0 
a6d7f000-a6d80000 ---p 00000000 00:00 0 
a6d80000-a6e00000 rw-p 00000000 00:00 0 
a6e00000-a6e21000 rw-p 00000000 00:00 0 
a6e21000-a6f00000 ---p 00000000 00:00 0 
a6f00000-a6f01000 r--s 00000000 08:08 183945     /var/cache/fontconfig/bab58bb527bb656aaa9f116d68a48d89-le32d4.cache-6
a6f01000-a6f02000 r--s 00000000 08:08 183929     /var/cache/fontconfig/56cf4f4769d0f4abc89a4895d7bd3ae1-le32d4.cache-6
a6f02000-a6f03000 r--s 00000000 08:08 183944     /var/cache/fontconfig/b9d506c9ac06c20b433354fa67a72993-le32d4.cache-6
a6f03000-a6f08000 r-xp 00000000 08:08 657984     /usr/lib/i386-linux-gnu/libXfixes.so.3.1.0
a6f08000-a6f09000 r--p 00004000 08:08 657984     /usr/lib/i386-linux-gnu/libXfixes.so.3.1.0
a6f09000-a6f0a000 rw-p 00005000 08:08 657984     /usr/lib/i386-linux-gnu/libXfixes.so.3.1.0
a6f0a000-a6f0f000 r-xp 00000000 08:08 657980     /usr/lib/i386-linux-gnu/libXdmcp.so.6.0.0
a6f0f000-a6f10000 r--p 00004000 08:08 657980     /usr/lib/i386-linux-gnu/libXdmcp.so.6.0.0
a6f10000-a6f11000 rw-p 00005000 08:08 657980     /usr/lib/i386-linux-gnu/libXdmcp.so.6.0.0
a6f11000-a6f14000 r--s 00000000 08:08 183934     /var/cache/fontconfig/75114ca45c98e8a441da0ff356701271-le32d4.cache-6
a6f14000-a6f17000 r--s 00000000 08:08 183931     /var/cache/fontconfig/7ef2298fde41cc6eeb7af42e48b7d293-le32d4.cache-6
a6f17000-a6f21000 r-xp 00000000 08:08 657976     /usr/lib/i386-linux-gnu/libXcursor.so.1.0.2
a6f21000-a6f22000 r--p 00009000 08:08 657976     /usr/lib/i386-linux-gnu/libXcursor.so.1.0.2
a6f22000-a6f23000 rw-p 0000a000 08:08 657976     /usr/lib/i386-linux-gnu/libXcursor.so.1.0.2
a6f23000-a6f2a000 r--s 00000000 08:08 660511     /usr/lib/i386-linux-gnu/gconv/gconv-modules.cache
a6f2a000-a6f3f000 r-xp 00000000 08:08 549344     /usr/lib/jvm/java-9-openjdk-i386/lib/i386/libnet.so
a6f3f000-a6f40000 r--p 00014000 08:08 549344     /usr/lib/jvm/java-9-openjdk-i386/lib/i386/libnet.so
a6f40000-a6f41000 rw-p 00015000 08:08 549344     /usr/lib/jvm/java-9-openjdk-i386/lib/i386/libnet.so
a6f41000-a6f7f000 rw-p 00000000 00:00 0 
a6f7f000-a6f80000 ---p 00000000 00:00 0 
a6f80000-a7000000 rw-p 00000000 00:00 0 
a7000000-a70f5000 rw-p 00000000 00:00 0 
a70f5000-a7100000 ---p 00000000 00:00 0 
a7100000-a7101000 r--s 00000000 08:08 183928     /var/cache/fontconfig/551ecf3b0e8b0bca0f25c0944f561853-le32d4.cache-6
a7101000-a717d000 rw-p 00000000 00:00 0 
a717d000-a717e000 ---p 00000000 00:00 0 
a717e000-a71fe000 rw-p 00000000 00:00 0 
a71fe000-a71ff000 ---p 00000000 00:00 0 
a71ff000-a727f000 rw-p 00000000 00:00 0 
a727f000-a7280000 ---p 00000000 00:00 0 
a7280000-a7300000 rw-p 00000000 00:00 0 
a7300000-a7321000 rw-p 00000000 00:00 0 
a7321000-a7400000 ---p 00000000 00:00 0 
a7400000-a74e9000 rw-p 00000000 00:00 0 
a74e9000-a7500000 ---p 00000000 00:00 0 
a7500000-a75fd000 rw-p 00000000 00:00 0 
a75fd000-a7600000 ---p 00000000 00:00 0 
a7600000-a7601000 r--s 00000000 08:08 183923     /var/cache/fontconfig/30829fa25452a46451e813d634d7f916-le32d4.cache-6
a7601000-a7602000 r--s 00000000 08:08 183917     /var/cache/fontconfig/0c9eb80ebd1c36541ebe2852d3bb0c49-le32d4.cache-6
a7602000-a760c000 r-xp 00000000 08:08 658004     /usr/lib/i386-linux-gnu/libXrender.so.1.3.0
a760c000-a760d000 r--p 00009000 08:08 658004     /usr/lib/i386-linux-gnu/libXrender.so.1.3.0
a760d000-a760e000 rw-p 0000a000 08:08 658004     /usr/lib/i386-linux-gnu/libXrender.so.1.3.0
a760e000-a761f000 r-xp 00000000 08:08 549372     /usr/lib/jvm/java-9-openjdk-i386/lib/i386/libnio.so
a761f000-a7620000 r--p 00010000 08:08 549372     /usr/lib/jvm/java-9-openjdk-i386/lib/i386/libnio.so
a7620000-a7621000 rw-p 00011000 08:08 549372     /usr/lib/jvm/java-9-openjdk-i386/lib/i386/libnio.so
a7621000-a767f000 rw-p 00000000 00:00 0 
a767f000-a7680000 ---p 00000000 00:00 0 
a7680000-a7700000 rw-p 00000000 00:00 0 
a7700000-a7721000 rw-p 00000000 00:00 0 
a7721000-a7800000 ---p 00000000 00:00 0 
a7800000-a7802000 r-xp 00000000 08:08 657969     /usr/lib/i386-linux-gnu/libXau.so.6.0.0
a7802000-a7803000 r--p 00001000 08:08 657969     /usr/lib/i386-linux-gnu/libXau.so.6.0.0
a7803000-a7804000 rw-p 00002000 08:08 657969     /usr/lib/i386-linux-gnu/libXau.so.6.0.0
a7804000-a7842000 rw-p 00000000 00:00 0 
a7842000-a7843000 ---p 00000000 00:00 0 
a7843000-a78c3000 rw-p 00000000 00:00 0 
a78c3000-a78c4000 ---p 00000000 00:00 0 
a78c4000-a7949000 rw-p 00000000 00:00 0 
a7949000-a7a2f000 ---p 00000000 00:00 0 
a7a2f000-a7a34000 rw-p 00000000 00:00 0 
a7a34000-a7b1a000 ---p 00000000 00:00 0 
a7b1a000-a7b1f000 rw-p 00000000 00:00 0 
a7b1f000-a7b25000 ---p 00000000 00:00 0 
a7b25000-a7d65000 rwxp 00000000 00:00 0 
a7d65000-a806e000 ---p 00000000 00:00 0 
a806e000-a82ae000 rwxp 00000000 00:00 0 
a82ae000-af5c9000 ---p 00000000 00:00 0 
af5c9000-af809000 rwxp 00000000 00:00 0 
af809000-b6b25000 ---p 00000000 00:00 0 
b6b25000-b6ce0000 r--s 00000000 08:08 549332     /usr/lib/jvm/java-9-openjdk-i386/lib/modules
b6ce0000-b6ceb000 r-xp 00000000 08:08 394286     /lib/i386-linux-gnu/libnss_files-2.23.so
b6ceb000-b6cec000 r--p 0000a000 08:08 394286     /lib/i386-linux-gnu/libnss_files-2.23.so
b6cec000-b6ced000 rw-p 0000b000 08:08 394286     /lib/i386-linux-gnu/libnss_files-2.23.so
b6ced000-b6cf3000 rw-p 00000000 00:00 0 
b6cf3000-b6cfe000 r-xp 00000000 08:08 394296     /lib/i386-linux-gnu/libnss_nis-2.23.so
b6cfe000-b6cff000 r--p 0000a000 08:08 394296     /lib/i386-linux-gnu/libnss_nis-2.23.so
b6cff000-b6d00000 rw-p 0000b000 08:08 394296     /lib/i386-linux-gnu/libnss_nis-2.23.so
b6d00000-b6e00000 rw-p 00000000 00:00 0 
b6e00000-b6e17000 r-xp 00000000 08:08 394280     /lib/i386-linux-gnu/libnsl-2.23.so
b6e17000-b6e18000 r--p 00016000 08:08 394280     /lib/i386-linux-gnu/libnsl-2.23.so
b6e18000-b6e19000 rw-p 00017000 08:08 394280     /lib/i386-linux-gnu/libnsl-2.23.so
b6e19000-b6e1b000 rw-p 00000000 00:00 0 
b6e1b000-b6e23000 r-xp 00000000 08:08 394282     /lib/i386-linux-gnu/libnss_compat-2.23.so
b6e23000-b6e24000 r--p 00007000 08:08 394282     /lib/i386-linux-gnu/libnss_compat-2.23.so
b6e24000-b6e25000 rw-p 00008000 08:08 394282     /lib/i386-linux-gnu/libnss_compat-2.23.so
b6e25000-b6e27000 r--s 00000000 08:08 183953     /var/cache/fontconfig/e13b20fdb08344e0e664864cc2ede53d-le32d4.cache-6
b6e27000-b6e2c000 r-xp 00000000 08:08 658010     /usr/lib/i386-linux-gnu/libXtst.so.6.1.0
b6e2c000-b6e2d000 r--p 00004000 08:08 658010     /usr/lib/i386-linux-gnu/libXtst.so.6.1.0
b6e2d000-b6e2e000 rw-p 00005000 08:08 658010     /usr/lib/i386-linux-gnu/libXtst.so.6.1.0
b6e2e000-b6e33000 r-xp 00000000 08:08 549357     /usr/lib/jvm/java-9-openjdk-i386/lib/i386/libjimage.so
b6e33000-b6e34000 r--p 00004000 08:08 549357     /usr/lib/jvm/java-9-openjdk-i386/lib/i386/libjimage.so
b6e34000-b6e35000 rw-p 00005000 08:08 549357     /usr/lib/jvm/java-9-openjdk-i386/lib/i386/libjimage.so
b6e35000-b6e3c000 r-xp 00000000 08:08 549353     /usr/lib/jvm/java-9-openjdk-i386/lib/i386/libzip.so
b6e3c000-b6e3d000 r--p 00006000 08:08 549353     /usr/lib/jvm/java-9-openjdk-i386/lib/i386/libzip.so
b6e3d000-b6e3e000 rw-p 00007000 08:08 549353     /usr/lib/jvm/java-9-openjdk-i386/lib/i386/libzip.so
b6e3e000-b6e64000 r-xp 00000000 08:08 549337     /usr/lib/jvm/java-9-openjdk-i386/lib/i386/libjava.so
b6e64000-b6e65000 r--p 00025000 08:08 549337     /usr/lib/jvm/java-9-openjdk-i386/lib/i386/libjava.so
b6e65000-b6e66000 rw-p 00026000 08:08 549337     /usr/lib/jvm/java-9-openjdk-i386/lib/i386/libjava.so
b6e66000-b6e6d000 r-xp 00000000 08:08 394341     /lib/i386-linux-gnu/librt-2.23.so
b6e6d000-b6e6e000 r--p 00006000 08:08 394341     /lib/i386-linux-gnu/librt-2.23.so
b6e6e000-b6e6f000 rw-p 00007000 08:08 394341     /lib/i386-linux-gnu/librt-2.23.so
b6e6f000-b6e73000 ---p 00000000 00:00 0 
b6e73000-b6ec0000 rw-p 00000000 00:00 0 
b6ec0000-b6edc000 r-xp 00000000 08:08 394227     /lib/i386-linux-gnu/libgcc_s.so.1
b6edc000-b6edd000 rw-p 0001b000 08:08 394227     /lib/i386-linux-gnu/libgcc_s.so.1
b6edd000-b6f30000 r-xp 00000000 08:08 394259     /lib/i386-linux-gnu/libm-2.23.so
b6f30000-b6f31000 r--p 00052000 08:08 394259     /lib/i386-linux-gnu/libm-2.23.so
b6f31000-b6f32000 rw-p 00053000 08:08 394259     /lib/i386-linux-gnu/libm-2.23.so
b6f32000-b709f000 r-xp 00000000 08:08 654530     /usr/lib/i386-linux-gnu/libstdc++.so.6.0.21
b709f000-b70a0000 ---p 0016d000 08:08 654530     /usr/lib/i386-linux-gnu/libstdc++.so.6.0.21
b70a0000-b70a5000 r--p 0016d000 08:08 654530     /usr/lib/i386-linux-gnu/libstdc++.so.6.0.21
b70a5000-b70a6000 rw-p 00172000 08:08 654530     /usr/lib/i386-linux-gnu/libstdc++.so.6.0.21
b70a6000-b70a9000 rw-p 00000000 00:00 0 
b70a9000-b7cd5000 r-xp 00000000 08:08 549350     /usr/lib/jvm/java-9-openjdk-i386/lib/i386/server/libjvm.so
b7cd5000-b7d2a000 r--p 00c2b000 08:08 549350     /usr/lib/jvm/java-9-openjdk-i386/lib/i386/server/libjvm.so
b7d2a000-b7d48000 rw-p 00c80000 08:08 549350     /usr/lib/jvm/java-9-openjdk-i386/lib/i386/server/libjvm.so
b7d48000-b7d70000 rw-p 00000000 00:00 0 
b7d70000-b7d89000 r-xp 00000000 08:08 394333     /lib/i386-linux-gnu/libpthread-2.23.so
b7d89000-b7d8a000 r--p 00018000 08:08 394333     /lib/i386-linux-gnu/libpthread-2.23.so
b7d8a000-b7d8b000 rw-p 00019000 08:08 394333     /lib/i386-linux-gnu/libpthread-2.23.so
b7d8b000-b7d8e000 rw-p 00000000 00:00 0 
b7d8e000-b7d91000 r-xp 00000000 08:08 394213     /lib/i386-linux-gnu/libdl-2.23.so
b7d91000-b7d92000 r--p 00002000 08:08 394213     /lib/i386-linux-gnu/libdl-2.23.so
b7d92000-b7d93000 rw-p 00003000 08:08 394213     /lib/i386-linux-gnu/libdl-2.23.so
b7d93000-b7dac000 r-xp 00000000 08:08 394378     /lib/i386-linux-gnu/libz.so.1.2.8
b7dac000-b7dad000 r--p 00018000 08:08 394378     /lib/i386-linux-gnu/libz.so.1.2.8
b7dad000-b7dae000 rw-p 00019000 08:08 394378     /lib/i386-linux-gnu/libz.so.1.2.8
b7dae000-b7f5e000 r-xp 00000000 08:08 394189     /lib/i386-linux-gnu/libc-2.23.so
b7f5e000-b7f60000 r--p 001af000 08:08 394189     /lib/i386-linux-gnu/libc-2.23.so
b7f60000-b7f61000 rw-p 001b1000 08:08 394189     /lib/i386-linux-gnu/libc-2.23.so
b7f61000-b7f64000 rw-p 00000000 00:00 0 
b7f64000-b7f65000 r--p 009bd000 08:08 662647     /usr/lib/locale/locale-archive
b7f65000-b7f6d000 rw-s 00000000 08:08 1205491    /tmp/hsperfdata_traore/12980
b7f6d000-b7f6e000 rw-p 00000000 00:00 0 
b7f6e000-b7f6f000 r--p 00000000 00:00 0 
b7f6f000-b7f7a000 r-xp 00000000 08:08 549338     /usr/lib/jvm/java-9-openjdk-i386/lib/i386/libverify.so
b7f7a000-b7f7b000 ---p 0000b000 08:08 549338     /usr/lib/jvm/java-9-openjdk-i386/lib/i386/libverify.so
b7f7b000-b7f7c000 r--p 0000b000 08:08 549338     /usr/lib/jvm/java-9-openjdk-i386/lib/i386/libverify.so
b7f7c000-b7f7d000 rw-p 0000c000 08:08 549338     /usr/lib/jvm/java-9-openjdk-i386/lib/i386/libverify.so
b7f7d000-b7f8b000 r-xp 00000000 08:08 549369     /usr/lib/jvm/java-9-openjdk-i386/lib/i386/jli/libjli.so
b7f8b000-b7f8c000 r--p 0000d000 08:08 549369     /usr/lib/jvm/java-9-openjdk-i386/lib/i386/jli/libjli.so
b7f8c000-b7f8d000 rw-p 0000e000 08:08 549369     /usr/lib/jvm/java-9-openjdk-i386/lib/i386/jli/libjli.so
b7f8d000-b7f8e000 rw-p 00000000 00:00 0 
b7f8e000-b7f91000 r--p 00000000 00:00 0          [vvar]
b7f91000-b7f93000 r-xp 00000000 00:00 0          [vdso]
b7f93000-b7fb6000 r-xp 00000000 08:08 394161     /lib/i386-linux-gnu/ld-2.23.so
b7fb6000-b7fb7000 r--p 00022000 08:08 394161     /lib/i386-linux-gnu/ld-2.23.so
b7fb7000-b7fb8000 rw-p 00023000 08:08 394161     /lib/i386-linux-gnu/ld-2.23.so
bfca0000-bfcc1000 rw-p 00000000 00:00 0          [stack]

VM Arguments:
java_command: DrawGram.jar
java_class_path (initial): DrawGram.jar
Launcher Type: SUN_STANDARD

Environment Variables:
PATH=/home/traore/bin:/home/traore/.local/bin:/usr/local/sbin:/usr/local/bin:/usr/sbin:/usr/bin:/sbin:/bin:/usr/games:/usr/local/games:/snap/bin
SHELL=/bin/bash
DISPLAY=:0

Signal Handlers:
SIGSEGV: [libjvm.so+0x9e08a0], sa_mask[0]=11111111011111111101111111111110, sa_flags=SA_RESTART|SA_SIGINFO
SIGBUS: [libjvm.so+0x9e08a0], sa_mask[0]=11111111011111111101111111111110, sa_flags=SA_RESTART|SA_SIGINFO
SIGFPE: [libjvm.so+0x9e08a0], sa_mask[0]=11111111011111111101111111111110, sa_flags=SA_RESTART|SA_SIGINFO
SIGPIPE: [libjvm.so+0x832630], sa_mask[0]=11111111011111111101111111111110, sa_flags=SA_RESTART|SA_SIGINFO
SIGXFSZ: [libjvm.so+0x832630], sa_mask[0]=11111111011111111101111111111110, sa_flags=SA_RESTART|SA_SIGINFO
SIGILL: [libjvm.so+0x9e08a0], sa_mask[0]=11111111011111111101111111111110, sa_flags=SA_RESTART|SA_SIGINFO
SIGUSR2: [libjvm.so+0x832460], sa_mask[0]=00000000000000000000000000000000, sa_flags=SA_RESTART|SA_SIGINFO
SIGHUP: [libjvm.so+0x8328a0], sa_mask[0]=11111111011111111101111111111110, sa_flags=SA_RESTART|SA_SIGINFO
SIGINT: [libjvm.so+0x8328a0], sa_mask[0]=11111111011111111101111111111110, sa_flags=SA_RESTART|SA_SIGINFO
SIGTERM: [libjvm.so+0x8328a0], sa_mask[0]=11111111011111111101111111111110, sa_flags=SA_RESTART|SA_SIGINFO
SIGQUIT: [libjvm.so+0x8328a0], sa_mask[0]=11111111011111111101111111111110, sa_flags=SA_RESTART|SA_SIGINFO


---------------  S Y S T E M  ---------------

OS:DISTRIB_ID=Ubuntu
DISTRIB_RELEASE=16.04
DISTRIB_CODENAME=xenial
DISTRIB_DESCRIPTION="Ubuntu 16.04.4 LTS"
uname:Linux 4.15.0-24-generic #26~16.04.1-Ubuntu SMP Fri Jun 15 14:34:39 UTC 2018 i686
libc:glibc 2.23 NPTL 2.23 
rlimit: STACK 8192k, CORE 0k, NPROC 31032, NOFILE 1048576, AS infinity
load average:3,24 1,39 0,88

/proc/meminfo:
MemTotal:        4021372 kB
MemFree:          262236 kB
MemAvailable:    1041064 kB
Buffers:          196784 kB
Cached:          1234420 kB
SwapCached:            0 kB
Active:          1615568 kB
Inactive:         927180 kB
Active(anon):    1079300 kB
Inactive(anon):   365812 kB
Active(file):     536268 kB
Inactive(file):   561368 kB
Unevictable:          32 kB
Mlocked:              32 kB
HighTotal:       3171108 kB
HighFree:          39804 kB
LowTotal:         850264 kB
LowFree:          222432 kB
SwapTotal:       4075516 kB
SwapFree:        4075516 kB
Dirty:             42808 kB
Writeback:             0 kB
AnonPages:       1111484 kB
Mapped:          1507472 kB
Shmem:            333520 kB
Slab:              79572 kB
SReclaimable:      47348 kB
SUnreclaim:        32224 kB
KernelStack:        6328 kB
PageTables:        18168 kB
NFS_Unstable:          0 kB
Bounce:                0 kB
WritebackTmp:          0 kB
CommitLimit:     6086200 kB
Committed_AS:    8061704 kB
VmallocTotal:     122880 kB
VmallocUsed:           0 kB
VmallocChunk:          0 kB
AnonHugePages:         0 kB
ShmemHugePages:        0 kB
ShmemPmdMapped:        0 kB
CmaTotal:              0 kB
CmaFree:               0 kB
HugePages_Total:       0
HugePages_Free:        0
HugePages_Rsvd:        0
HugePages_Surp:        0
Hugepagesize:       2048 kB
DirectMap4k:       10232 kB
DirectMap2M:      897024 kB


CPU:total 4 (2 cores per cpu, 2 threads per core) family 6 model 58 stepping 9, cmov, cx8, fxsr, mmx, sse, sse2, sse3, ssse3, sse4.1, sse4.2, popcnt, avx, aes, clmul, erms, ht, tsc, tscinvbit, tscinv

CPU Model and flags from /proc/cpuinfo:
model name	: Intel(R) Core(TM) i5-3340M CPU @ 2.70GHz
flags		: fpu vme de pse tsc msr pae mce cx8 apic sep mtrr pge mca cmov pat pse36 clflush dts acpi mmx fxsr sse sse2 ss ht tm pbe nx rdtscp lm constant_tsc arch_perfmon pebs bts xtopology nonstop_tsc cpuid aperfmperf pni pclmulqdq dtes64 monitor ds_cpl vmx smx est tm2 ssse3 cx16 xtpr pdcm sse4_1 sse4_2 x2apic popcnt tsc_deadline_timer aes xsave avx f16c rdrand lahf_lm cpuid_fault epb ibrs ibpb stibp tpr_shadow vnmi flexpriority ept vpid fsgsbase smep erms xsaveopt dtherm ida arat pln pts

Memory: 4k page, physical 4021372k(262236k free), swap 4075516k(4075516k free)

vm_info: OpenJDK Server VM (9-internal+0-2016-04-14-195526.buildd.src) for linux-x86 JRE (9-internal+0-2016-04-14-195526.buildd.src), built on Apr 14 2016 20:15:09 by "buildd" with gcc 5.3.1 20160413

END.
