#
# A fatal error has been detected by the Java Runtime Environment:
#
#  SIGSEGV (0xb) at pc=0xb6cf0e48, pid=13641, tid=13669
#
# JRE version: OpenJDK Runtime Environment (9.0) (build 9-internal+0-2016-04-14-195526.buildd.src)
# Java VM: OpenJDK Server VM (9-internal+0-2016-04-14-195526.buildd.src, mixed mode, tiered, g1 gc, linux-x86)
# Problematic frame:
# C  [libjava.so+0x18e48]  JNU_GetEnv+0x18
#
# Core dump will be written. Default location: Core dumps may be processed with "/usr/share/apport/apport %p %s %c %d %P" (or dumping to /home/traore/M2COURS/m2cours/PHYG/TD_TME/TME1/BASS/phylip-3.696/exe/core.13641)
#
# If you would like to submit a bug report, please visit:
#   http://bugreport.java.com/bugreport/crash.jsp
# The crash happened outside the Java Virtual Machine in native code.
# See problematic frame for where to report the bug.
#

---------------  S U M M A R Y ------------

Command Line: drawgram.DrawgramUserInterface

Host: Intel(R) Core(TM) i5-3340M CPU @ 2.70GHz, 4 cores, 3G, Ubuntu 16.04.4 LTS
Time: Wed Jul 18 22:55:00 2018 CEST elapsed time: 0 seconds (0d 0h 0m 0s)

---------------  T H R E A D  ---------------

Current thread (0x64552c00):  JavaThread "AWT-EventQueue-0" [_thread_in_native, id=13669, stack(0x63f07000,0x63f58000)]

Stack: [0x63f07000,0x63f58000],  sp=0x63f5586c,  free space=314k
Native frames: (J=compiled Java code, j=interpreted, Vv=VM code, C=native code)
C  [libjava.so+0x18e48]  JNU_GetEnv+0x18
C  [libfontmanager.so+0x2faf5]
C  [libfreetype.so.6+0xf4dc]  FT_Stream_Seek+0x1c

Java frames: (J=compiled Java code, j=interpreted, Vv=VM code)
j  sun.font.FreetypeFontScaler.initNativeScaler(Lsun/font/Font2D;IIZI)J+0 java.desktop@9-internal
j  sun.font.FreetypeFontScaler.<init>(Lsun/font/Font2D;IZI)V+26 java.desktop@9-internal
v  ~StubRoutines::call_stub
j  sun.reflect.NativeConstructorAccessorImpl.newInstance0(Ljava/lang/reflect/Constructor;[Ljava/lang/Object;)Ljava/lang/Object;+0 java.base@9-internal
j  sun.reflect.NativeConstructorAccessorImpl.newInstance([Ljava/lang/Object;)Ljava/lang/Object;+85 java.base@9-internal
j  sun.reflect.DelegatingConstructorAccessorImpl.newInstance([Ljava/lang/Object;)Ljava/lang/Object;+5 java.base@9-internal
j  java.lang.reflect.Constructor.newInstance([Ljava/lang/Object;)Ljava/lang/Object;+65 java.base@9-internal
j  sun.font.FontScaler.getScaler(Lsun/font/Font2D;IZI)Lsun/font/FontScaler;+39 java.desktop@9-internal
j  sun.font.TrueTypeFont.getScaler()Lsun/font/FontScaler;+21 java.desktop@9-internal
j  sun.font.FileFontStrike.<init>(Lsun/font/FileFont;Lsun/font/FontStrikeDesc;)V+204 java.desktop@9-internal
j  sun.font.FileFont.createStrike(Lsun/font/FontStrikeDesc;)Lsun/font/FontStrike;+18 java.desktop@9-internal
j  sun.font.Font2D.getStrike(Lsun/font/FontStrikeDesc;Z)Lsun/font/FontStrike;+92 java.desktop@9-internal
j  sun.font.Font2D.getStrike(Lsun/font/FontStrikeDesc;)Lsun/font/FontStrike;+3 java.desktop@9-internal
j  sun.font.CompositeStrike.getStrikeForSlot(I)Lsun/font/PhysicalStrike;+23 java.desktop@9-internal
j  sun.font.CompositeStrike.getFontMetrics()Lsun/font/StrikeMetrics;+31 java.desktop@9-internal
j  sun.font.FontDesignMetrics.initMatrixAndMetrics()V+28 java.desktop@9-internal
j  sun.font.FontDesignMetrics.<init>(Ljava/awt/Font;Ljava/awt/font/FontRenderContext;)V+62 java.desktop@9-internal
j  sun.font.FontDesignMetrics.getMetrics(Ljava/awt/Font;Ljava/awt/font/FontRenderContext;)Lsun/font/FontDesignMetrics;+128 java.desktop@9-internal
j  sun.swing.SwingUtilities2.getFontMetrics(Ljavax/swing/JComponent;Ljava/awt/Font;)Ljava/awt/FontMetrics;+15 java.desktop@9-internal
j  javax.swing.JComponent.getFontMetrics(Ljava/awt/Font;)Ljava/awt/FontMetrics;+2 java.desktop@9-internal
j  javax.swing.text.PlainView.calculateLongestLine()V+19 java.desktop@9-internal
j  javax.swing.text.PlainView.updateMetrics()V+19 java.desktop@9-internal
j  javax.swing.text.PlainView.updateDamage(Ljavax/swing/event/DocumentEvent;Ljava/awt/Shape;Ljavax/swing/text/ViewFactory;)V+7 java.desktop@9-internal
j  javax.swing.text.PlainView.insertUpdate(Ljavax/swing/event/DocumentEvent;Ljava/awt/Shape;Ljavax/swing/text/ViewFactory;)V+4 java.desktop@9-internal
j  javax.swing.text.FieldView.insertUpdate(Ljavax/swing/event/DocumentEvent;Ljava/awt/Shape;Ljavax/swing/text/ViewFactory;)V+8 java.desktop@9-internal
j  javax.swing.plaf.basic.BasicTextUI$RootView.insertUpdate(Ljavax/swing/event/DocumentEvent;Ljava/awt/Shape;Ljavax/swing/text/ViewFactory;)V+14 java.desktop@9-internal
j  javax.swing.plaf.basic.BasicTextUI$UpdateHandler.insertUpdate(Ljavax/swing/event/DocumentEvent;)V+101 java.desktop@9-internal
j  javax.swing.text.AbstractDocument.fireInsertUpdate(Ljavax/swing/event/DocumentEvent;)V+39 java.desktop@9-internal
j  javax.swing.text.AbstractDocument.handleInsertString(ILjava/lang/String;Ljavax/swing/text/AttributeSet;)V+150 java.desktop@9-internal
j  javax.swing.text.AbstractDocument.insertString(ILjava/lang/String;Ljavax/swing/text/AttributeSet;)V+46 java.desktop@9-internal
j  javax.swing.text.PlainDocument.insertString(ILjava/lang/String;Ljavax/swing/text/AttributeSet;)V+104 java.desktop@9-internal
j  javax.swing.text.AbstractDocument.replace(IILjava/lang/String;Ljavax/swing/text/AttributeSet;)V+74 java.desktop@9-internal
j  javax.swing.text.JTextComponent.setText(Ljava/lang/String;)V+25 java.desktop@9-internal
j  drawgram.DrawgramUserInterface.initialize()V+260
j  drawgram.DrawgramUserInterface.<init>()V+18
j  drawgram.DrawgramUserInterface$1.run()V+4
j  java.awt.event.InvocationEvent.dispatch()V+47 java.desktop@9-internal
j  java.awt.EventQueue.dispatchEventImpl(Ljava/awt/AWTEvent;Ljava/lang/Object;)V+21 java.desktop@9-internal
j  java.awt.EventQueue.access$500(Ljava/awt/EventQueue;Ljava/awt/AWTEvent;Ljava/lang/Object;)V+3 java.desktop@9-internal
j  java.awt.EventQueue$3.run()Ljava/lang/Void;+32 java.desktop@9-internal
j  java.awt.EventQueue$3.run()Ljava/lang/Object;+1 java.desktop@9-internal
v  ~StubRoutines::call_stub
j  java.security.AccessController.doPrivileged(Ljava/security/PrivilegedAction;Ljava/security/AccessControlContext;)Ljava/lang/Object;+0 java.base@9-internal
j  java.security.ProtectionDomain$JavaSecurityAccessImpl.doIntersectionPrivilege(Ljava/security/PrivilegedAction;Ljava/security/AccessControlContext;Ljava/security/AccessControlContext;)Ljava/lang/Object;+18 java.base@9-internal
j  java.awt.EventQueue.dispatchEvent(Ljava/awt/AWTEvent;)V+46 java.desktop@9-internal
j  java.awt.EventDispatchThread.pumpOneEventForFilters(I)V+183 java.desktop@9-internal
j  java.awt.EventDispatchThread.pumpEventsForFilter(ILjava/awt/Conditional;Ljava/awt/EventFilter;)V+35 java.desktop@9-internal
j  java.awt.EventDispatchThread.pumpEventsForHierarchy(ILjava/awt/Conditional;Ljava/awt/Component;)V+11 java.desktop@9-internal
j  java.awt.EventDispatchThread.pumpEvents(ILjava/awt/Conditional;)V+4 java.desktop@9-internal
j  java.awt.EventDispatchThread.pumpEvents(Ljava/awt/Conditional;)V+3 java.desktop@9-internal
j  java.awt.EventDispatchThread.run()V+9 java.desktop@9-internal
v  ~StubRoutines::call_stub

siginfo: si_signo: 11 (SIGSEGV), si_code: 1 (SEGV_MAPERR), si_addr: 0x00000000

Register to memory mapping:

EAX=0x00000000 is an unknown value
EBX=0x641fd000: <offset 0x000c4000> in /usr/lib/jvm/java-9-openjdk-i386/lib/i386/libfontmanager.so at 0x64139000
ECX=0x00010002 is an unknown value
EDX=0x00000000 is an unknown value
ESP=0x63f5586c is pointing into the stack for thread: 0x64552c00
EBP=0x63f55888 is pointing into the stack for thread: 0x64552c00
ESI=0x00000000 is an unknown value
EDI=0x00000000 is an unknown value


Registers:
EAX=0x00000000, EBX=0x641fd000, ECX=0x00010002, EDX=0x00000000
ESP=0x63f5586c, EBP=0x63f55888, ESI=0x00000000, EDI=0x00000000
EIP=0xb6cf0e48, EFLAGS=0x00010246, CR2=0x0000000000000000

Top of Stack: (sp=0x63f5586c)
0x63f5586c:   00000000 63f558b8 b7f54010 640ffcdb
0x63f5587c:   cba03d00 00000000 64520258 63f558b8
0x63f5588c:   64168af5 00000000 00010002 a750003c
0x63f5589c:   63b1dedc b7f63000 6452f788 640970b9
0x63f558ac:   63b31170 00000000 00000000 63b1e750
0x63f558bc:   640984dc 63b31170 00000000 00000000
0x63f558cc:   00000000 b7f0c000 64138000 63b31170
0x63f558dc:   640ac2b8 63b31170 00000000 00000001 

Instructions: (pc=0xb6cf0e48)
0xb6cf0e28:   ff eb f3 90 8d 74 26 00 55 89 e5 83 ec 1c 8b 45
0xb6cf0e38:   08 65 8b 15 14 00 00 00 89 55 f4 31 d2 8b 4d 0c
0xb6cf0e48:   8b 10 51 8d 4d f0 51 50 ff 52 18 8b 45 f0 8b 4d
0xb6cf0e58:   f4 65 33 0d 14 00 00 00 75 02 c9 c3 e8 c7 5b 00 


---------------  P R O C E S S  ---------------

Java Threads: ( => current thread )
  0xb6d0b400 JavaThread "DestroyJavaVM" [_thread_blocked, id=13642, stack(0xb6e1b000,0xb6e6c000)]
=>0x64552c00 JavaThread "AWT-EventQueue-0" [_thread_in_native, id=13669, stack(0x63f07000,0x63f58000)]
  0x64551c00 JavaThread "AWT-Shutdown" [_thread_blocked, id=13668, stack(0x63f58000,0x63fa9000)]
  0x6454f000 JavaThread "AWT-XAWT" daemon [_thread_in_native, id=13667, stack(0x63fa9000,0x63ffa000)]
  0x6453a400 JavaThread "Java2D Disposer" daemon [_thread_blocked, id=13666, stack(0x6400d000,0x6405e000)]
  0x669ab800 JavaThread "Service Thread" daemon [_thread_blocked, id=13664, stack(0x64766000,0x647b7000)]
  0x6695ec00 JavaThread "Common-Cleaner" daemon [_thread_blocked, id=13663, stack(0x647b7000,0x64808000)]
  0x66944800 JavaThread "Sweeper thread" daemon [_thread_blocked, id=13662, stack(0x66409000,0x6645a000)]
  0x66943400 JavaThread "C1 CompilerThread2" daemon [_thread_blocked, id=13661, stack(0x6645a000,0x664db000)]
  0x66941c00 JavaThread "C2 CompilerThread1" daemon [_thread_blocked, id=13660, stack(0x664db000,0x6655c000)]
  0x66940400 JavaThread "C2 CompilerThread0" daemon [_thread_blocked, id=13659, stack(0x6655c000,0x665dd000)]
  0x6693f000 JavaThread "Signal Dispatcher" daemon [_thread_blocked, id=13658, stack(0x665dd000,0x6662e000)]
  0x6693d400 JavaThread "Surrogate Locker Thread (Concurrent GC)" daemon [_thread_blocked, id=13657, stack(0x6662e000,0x6667f000)]
  0x6692ac00 JavaThread "Finalizer" daemon [_thread_blocked, id=13656, stack(0x66a05000,0x66a56000)]
  0x66929400 JavaThread "Reference Handler" daemon [_thread_blocked, id=13655, stack(0xa6c2c000,0xa6c7d000)]

Other Threads:
  0x66924400 VMThread [stack: 0x6687f000,0x66900000] [id=13654]
  0x669ad400 WatcherThread [stack: 0x646e5000,0x64766000] [id=13665]

Threads with active compile tasks:

VM state:not at safepoint (normal execution)

VM Mutex/Monitor currently owned by a thread: None

Heap:
 garbage-first heap   total 63488K, used 7164K [0x69600000, 0x697000f8, 0xa6c00000)
  region size 1024K, 7 young (7168K), 1 survivors (1024K)
 Metaspace       used 7430K, capacity 7858K, committed 7960K, reserved 8496K

Heap Regions: E=young(eden), S=young(survivor), O=old, HS=humongous(starts), HC=humongous(continues), CS=collection set, F=free, A=archive, TS=gc time stamp, AC=allocation context, TAMS=top-at-mark-start (previous, next)
|   0|0x69600000, 0x696ff000, 0x69700000| 99%| O|  |TS  1|AC  0|TAMS 0x69600000, 0x69600000|
|   1|0x69700000, 0x69700000, 0x69800000|  0%| F|  |TS  0|AC  0|TAMS 0x69700000, 0x69700000|
|   2|0x69800000, 0x69800000, 0x69900000|  0%| F|  |TS  0|AC  0|TAMS 0x69800000, 0x69800000|
|   3|0x69900000, 0x69900000, 0x69a00000|  0%| F|  |TS  0|AC  0|TAMS 0x69900000, 0x69900000|
|   4|0x69a00000, 0x69a00000, 0x69b00000|  0%| F|  |TS  0|AC  0|TAMS 0x69a00000, 0x69a00000|
|   5|0x69b00000, 0x69b00000, 0x69c00000|  0%| F|  |TS  0|AC  0|TAMS 0x69b00000, 0x69b00000|
|   6|0x69c00000, 0x69c00000, 0x69d00000|  0%| F|  |TS  0|AC  0|TAMS 0x69c00000, 0x69c00000|
|   7|0x69d00000, 0x69d00000, 0x69e00000|  0%| F|  |TS  0|AC  0|TAMS 0x69d00000, 0x69d00000|
|   8|0x69e00000, 0x69e00000, 0x69f00000|  0%| F|  |TS  0|AC  0|TAMS 0x69e00000, 0x69e00000|
|   9|0x69f00000, 0x69f00000, 0x6a000000|  0%| F|  |TS  0|AC  0|TAMS 0x69f00000, 0x69f00000|
|  10|0x6a000000, 0x6a000000, 0x6a100000|  0%| F|  |TS  0|AC  0|TAMS 0x6a000000, 0x6a000000|
|  11|0x6a100000, 0x6a100000, 0x6a200000|  0%| F|  |TS  0|AC  0|TAMS 0x6a100000, 0x6a100000|
|  12|0x6a200000, 0x6a200000, 0x6a300000|  0%| F|  |TS  0|AC  0|TAMS 0x6a200000, 0x6a200000|
|  13|0x6a300000, 0x6a300000, 0x6a400000|  0%| F|  |TS  0|AC  0|TAMS 0x6a300000, 0x6a300000|
|  14|0x6a400000, 0x6a400000, 0x6a500000|  0%| F|  |TS  0|AC  0|TAMS 0x6a400000, 0x6a400000|
|  15|0x6a500000, 0x6a500000, 0x6a600000|  0%| F|  |TS  0|AC  0|TAMS 0x6a500000, 0x6a500000|
|  16|0x6a600000, 0x6a600000, 0x6a700000|  0%| F|  |TS  0|AC  0|TAMS 0x6a600000, 0x6a600000|
|  17|0x6a700000, 0x6a700000, 0x6a800000|  0%| F|  |TS  0|AC  0|TAMS 0x6a700000, 0x6a700000|
|  18|0x6a800000, 0x6a800000, 0x6a900000|  0%| F|  |TS  0|AC  0|TAMS 0x6a800000, 0x6a800000|
|  19|0x6a900000, 0x6a900000, 0x6aa00000|  0%| F|  |TS  0|AC  0|TAMS 0x6a900000, 0x6a900000|
|  20|0x6aa00000, 0x6aa00000, 0x6ab00000|  0%| F|  |TS  0|AC  0|TAMS 0x6aa00000, 0x6aa00000|
|  21|0x6ab00000, 0x6ab00000, 0x6ac00000|  0%| F|  |TS  0|AC  0|TAMS 0x6ab00000, 0x6ab00000|
|  22|0x6ac00000, 0x6ac00000, 0x6ad00000|  0%| F|  |TS  0|AC  0|TAMS 0x6ac00000, 0x6ac00000|
|  23|0x6ad00000, 0x6ad00000, 0x6ae00000|  0%| F|  |TS  0|AC  0|TAMS 0x6ad00000, 0x6ad00000|
|  24|0x6ae00000, 0x6ae00000, 0x6af00000|  0%| F|  |TS  0|AC  0|TAMS 0x6ae00000, 0x6ae00000|
|  25|0x6af00000, 0x6af00000, 0x6b000000|  0%| F|  |TS  0|AC  0|TAMS 0x6af00000, 0x6af00000|
|  26|0x6b000000, 0x6b000000, 0x6b100000|  0%| F|  |TS  0|AC  0|TAMS 0x6b000000, 0x6b000000|
|  27|0x6b100000, 0x6b100000, 0x6b200000|  0%| F|  |TS  0|AC  0|TAMS 0x6b100000, 0x6b100000|
|  28|0x6b200000, 0x6b200000, 0x6b300000|  0%| F|  |TS  0|AC  0|TAMS 0x6b200000, 0x6b200000|
|  29|0x6b300000, 0x6b300000, 0x6b400000|  0%| F|  |TS  0|AC  0|TAMS 0x6b300000, 0x6b300000|
|  30|0x6b400000, 0x6b400000, 0x6b500000|  0%| F|  |TS  0|AC  0|TAMS 0x6b400000, 0x6b400000|
|  31|0x6b500000, 0x6b500000, 0x6b600000|  0%| F|  |TS  0|AC  0|TAMS 0x6b500000, 0x6b500000|
|  32|0x6b600000, 0x6b600000, 0x6b700000|  0%| F|  |TS  0|AC  0|TAMS 0x6b600000, 0x6b600000|
|  33|0x6b700000, 0x6b700000, 0x6b800000|  0%| F|  |TS  0|AC  0|TAMS 0x6b700000, 0x6b700000|
|  34|0x6b800000, 0x6b800000, 0x6b900000|  0%| F|  |TS  0|AC  0|TAMS 0x6b800000, 0x6b800000|
|  35|0x6b900000, 0x6b900000, 0x6ba00000|  0%| F|  |TS  0|AC  0|TAMS 0x6b900000, 0x6b900000|
|  36|0x6ba00000, 0x6ba00000, 0x6bb00000|  0%| F|  |TS  0|AC  0|TAMS 0x6ba00000, 0x6ba00000|
|  37|0x6bb00000, 0x6bb00000, 0x6bc00000|  0%| F|  |TS  0|AC  0|TAMS 0x6bb00000, 0x6bb00000|
|  38|0x6bc00000, 0x6bc00000, 0x6bd00000|  0%| F|  |TS  0|AC  0|TAMS 0x6bc00000, 0x6bc00000|
|  39|0x6bd00000, 0x6bd00000, 0x6be00000|  0%| F|  |TS  0|AC  0|TAMS 0x6bd00000, 0x6bd00000|
|  40|0x6be00000, 0x6be00000, 0x6bf00000|  0%| F|  |TS  0|AC  0|TAMS 0x6be00000, 0x6be00000|
|  41|0x6bf00000, 0x6bf00000, 0x6c000000|  0%| F|  |TS  0|AC  0|TAMS 0x6bf00000, 0x6bf00000|
|  42|0x6c000000, 0x6c000000, 0x6c100000|  0%| F|  |TS  0|AC  0|TAMS 0x6c000000, 0x6c000000|
|  43|0x6c100000, 0x6c100000, 0x6c200000|  0%| F|  |TS  0|AC  0|TAMS 0x6c100000, 0x6c100000|
|  44|0x6c200000, 0x6c200000, 0x6c300000|  0%| F|  |TS  0|AC  0|TAMS 0x6c200000, 0x6c200000|
|  45|0x6c300000, 0x6c300000, 0x6c400000|  0%| F|  |TS  0|AC  0|TAMS 0x6c300000, 0x6c300000|
|  46|0x6c400000, 0x6c400000, 0x6c500000|  0%| F|  |TS  0|AC  0|TAMS 0x6c400000, 0x6c400000|
|  47|0x6c500000, 0x6c500000, 0x6c600000|  0%| F|  |TS  0|AC  0|TAMS 0x6c500000, 0x6c500000|
|  48|0x6c600000, 0x6c600000, 0x6c700000|  0%| F|  |TS  0|AC  0|TAMS 0x6c600000, 0x6c600000|
|  49|0x6c700000, 0x6c700000, 0x6c800000|  0%| F|  |TS  0|AC  0|TAMS 0x6c700000, 0x6c700000|
|  50|0x6c800000, 0x6c800000, 0x6c900000|  0%| F|  |TS  0|AC  0|TAMS 0x6c800000, 0x6c800000|
|  51|0x6c900000, 0x6c900000, 0x6ca00000|  0%| F|  |TS  0|AC  0|TAMS 0x6c900000, 0x6c900000|
|  52|0x6ca00000, 0x6ca00000, 0x6cb00000|  0%| F|  |TS  0|AC  0|TAMS 0x6ca00000, 0x6ca00000|
|  53|0x6cb00000, 0x6cb00000, 0x6cc00000|  0%| F|  |TS  0|AC  0|TAMS 0x6cb00000, 0x6cb00000|
|  54|0x6cc00000, 0x6cd00000, 0x6cd00000|100%| S|CS|TS  1|AC  0|TAMS 0x6cc00000, 0x6cc00000|
|  55|0x6cd00000, 0x6cd00000, 0x6ce00000|  0%| F|  |TS  0|AC  0|TAMS 0x6cd00000, 0x6cd00000|
|  56|0x6ce00000, 0x6ce81b00, 0x6cf00000| 50%| E|  |TS  0|AC  0|TAMS 0x6ce00000, 0x6ce00000|
|  57|0x6cf00000, 0x6d000000, 0x6d000000|100%| E|CS|TS  0|AC  0|TAMS 0x6cf00000, 0x6cf00000|
|  58|0x6d000000, 0x6d100000, 0x6d100000|100%| E|CS|TS  0|AC  0|TAMS 0x6d000000, 0x6d000000|
|  59|0x6d100000, 0x6d200000, 0x6d200000|100%| E|CS|TS  0|AC  0|TAMS 0x6d100000, 0x6d100000|
|  60|0x6d200000, 0x6d300000, 0x6d300000|100%| E|CS|TS  0|AC  0|TAMS 0x6d200000, 0x6d200000|
|  61|0x6d300000, 0x6d400000, 0x6d400000|100%| E|CS|TS  0|AC  0|TAMS 0x6d300000, 0x6d300000|

Card table byte_map: [0x6903f000,0x6922a000] byte_map_base: 0x68cf4000

Marking Bits (Prev, Next): (CMBitMap*) 0xb6d74564, (CMBitMap*) 0xb6d74590
 Prev Bits: [0x67efc000, 0x68e54000)
 Next Bits: [0x66fa4000, 0x67efc000)

Polling page: 0xb7f1a000

CodeHeap 'non-nmethods': size=5412Kb used=751Kb max_used=774Kb free=4660Kb
 bounds [0xa7ac9000, 0xa7d09000, 0xa8012000]
CodeHeap 'profiled nmethods': size=120172Kb used=1138Kb max_used=1138Kb free=119033Kb
 bounds [0xa8012000, 0xa8252000, 0xaf56d000]
CodeHeap 'non-profiled nmethods': size=120176Kb used=175Kb max_used=175Kb free=120000Kb
 bounds [0xaf56d000, 0xaf7ad000, 0xb6ac9000]
 total_blobs=1227 nmethods=776 adapters=178
 compilation: enabled

Compilation events (10 events):
Event: 0,534 Thread 0x66943400 nmethod 771 0xa812d408 code [0xa812d580, 0xa812dbe4]
Event: 0,534 Thread 0x66943400  770  s    3       sun.font.TrueTypeFont::close (8 bytes)
Event: 0,534 Thread 0x66943400 nmethod 770 0xa812df88 code [0xa812e0a0, 0xa812e2cc]
Event: 0,534 Thread 0x66943400  776       3       java.util.HashMap::afterNodeAccess (1 bytes)
Event: 0,534 Thread 0x66943400 nmethod 776 0xa812e388 code [0xa812e4a0, 0xa812e580]
Event: 0,535 Thread 0x66941c00 nmethod 766 0xaf596e88 code [0xaf596f80, 0xaf597210]
Event: 0,535 Thread 0x66941c00  774       4       java.io.UnixFileSystem::normalize (75 bytes)
Event: 0,537 Thread 0x66941c00 nmethod 774 0xaf597308 code [0xaf597420, 0xaf59759c]
Event: 0,537 Thread 0x66941c00  772       4       java.lang.StringLatin1::toLowerCase (180 bytes)
Event: 0,538 Thread 0x66943400  777       3       java.lang.Integer::valueOf (32 bytes)

GC Heap History (2 events):
Event: 0,481 GC heap before
{Heap before GC invocations=0 (full 0):
 garbage-first heap   total 63488K, used 7168K [0x69600000, 0x697000f8, 0xa6c00000)
  region size 1024K, 7 young (7168K), 0 survivors (0K)
 Metaspace       used 7277K, capacity 7696K, committed 7704K, reserved 8496K
}
Event: 0,485 GC heap after
{Heap after GC invocations=1 (full 0):
 garbage-first heap   total 63488K, used 2044K [0x69600000, 0x697000f8, 0xa6c00000)
  region size 1024K, 1 young (1024K), 1 survivors (1024K)
 Metaspace       used 7277K, capacity 7696K, committed 7704K, reserved 8496K
}

Deoptimization events (10 events):
Event: 0,108 Thread 0xb6d0b400 Uncommon trap: reason=bimorphic action=maybe_recompile pc=0xaf572f0c method=java.util.Collections$UnmodifiableCollection$1.next()Ljava/lang/Object; @ 4
Event: 0,108 Thread 0xb6d0b400 Uncommon trap: reason=bimorphic action=maybe_recompile pc=0xaf572f0c method=java.util.Collections$UnmodifiableCollection$1.next()Ljava/lang/Object; @ 4
Event: 0,108 Thread 0xb6d0b400 Uncommon trap: reason=bimorphic action=maybe_recompile pc=0xaf572f0c method=java.util.Collections$UnmodifiableCollection$1.next()Ljava/lang/Object; @ 4
Event: 0,317 Thread 0x64552c00 Uncommon trap: reason=unstable_if action=reinterpret pc=0xaf57444c method=java.util.HashMap.putVal(ILjava/lang/Object;Ljava/lang/Object;ZZ)Ljava/lang/Object; @ 181
Event: 0,336 Thread 0x64552c00 Uncommon trap: reason=unstable_if action=reinterpret pc=0xaf576434 method=java.util.HashMap.hash(Ljava/lang/Object;)I @ 1
Event: 0,401 Thread 0x64552c00 Uncommon trap: reason=unstable_if action=reinterpret pc=0xaf5772d4 method=java.lang.String.charAt(I)C @ 4
Event: 0,427 Thread 0x64552c00 Uncommon trap: reason=unstable_if action=reinterpret pc=0xaf58a354 method=java.lang.StringUTF16.compress([CI[BII)I @ 20
Event: 0,509 Thread 0x64552c00 Uncommon trap: reason=unstable_if action=reinterpret pc=0xaf57181c method=java.lang.String.hashCode()I @ 20
Event: 0,509 Thread 0x64552c00 Uncommon trap: reason=unstable_if action=reinterpret pc=0xaf58f0b4 method=java.lang.CharacterData.of(I)Ljava/lang/CharacterData; @ 4
Event: 0,516 Thread 0x64552c00 Uncommon trap: reason=unstable_if action=reinterpret pc=0xaf580dd8 method=java.lang.String.equals(Ljava/lang/Object;)Z @ 34

Classes redefined (0 events):
No events

Internal exceptions (6 events):
Event: 0,183 Thread 0xb6d0b400 Exception <a 'java/lang/ClassNotFoundException': sun/awt/resources/awtProvider> (0x6d138800) thrown at [/build/openjdk-9-GMfJKp/openjdk-9-9~b114/src/hotspot/src/share/vm/classfile/systemDictionary.cpp, line 224]
Event: 0,214 Thread 0xb6d0b400 Exception <a 'java/io/FileNotFoundException'> (0x6d175a78) thrown at [/build/openjdk-9-GMfJKp/openjdk-9-9~b114/src/hotspot/src/share/vm/prims/jni.cpp, line 605]
Event: 0,216 Thread 0xb6d0b400 Exception <a 'java/io/FileNotFoundException'> (0x6d17d210) thrown at [/build/openjdk-9-GMfJKp/openjdk-9-9~b114/src/hotspot/src/share/vm/prims/jni.cpp, line 605]
Event: 0,328 Thread 0x64552c00 Exception <a 'java/lang/ClassNotFoundException': com/sun/swing/internal/plaf/metal/resources/metalProvider> (0x6cf39678) thrown at [/build/openjdk-9-GMfJKp/openjdk-9-9~b114/src/hotspot/src/share/vm/classfile/systemDictionary.cpp, line 224]
Event: 0,329 Thread 0x64552c00 Exception <a 'java/lang/ClassNotFoundException': com/sun/swing/internal/plaf/basic/resources/basicProvider> (0x6cf3d5d0) thrown at [/build/openjdk-9-GMfJKp/openjdk-9-9~b114/src/hotspot/src/share/vm/classfile/systemDictionary.cpp, line 224]
Event: 0,336 Thread 0x64552c00 Implicit null exception at 0xaf5763bd to 0xaf57642a

Events (10 events):
Event: 0,537 loading class sun/font/StrikeCache$SoftDisposerRef
Event: 0,537 loading class sun/font/StrikeCache$DisposableStrike
Event: 0,537 loading class sun/font/StrikeCache$DisposableStrike done
Event: 0,537 loading class sun/font/StrikeCache$SoftDisposerRef done
Event: 0,537 loading class sun/font/FileFontStrike
Event: 0,537 loading class sun/font/FileFontStrike done
Event: 0,537 loading class sun/font/FontScaler
Event: 0,538 loading class sun/font/FontScaler done
Event: 0,538 loading class sun/font/FreetypeFontScaler
Event: 0,538 loading class sun/font/FreetypeFontScaler done


Dynamic libraries:
08048000-08049000 r-xp 00000000 08:08 549328     /usr/lib/jvm/java-9-openjdk-i386/bin/java
08049000-0804a000 r--p 00000000 08:08 549328     /usr/lib/jvm/java-9-openjdk-i386/bin/java
0804a000-0804b000 rw-p 00001000 08:08 549328     /usr/lib/jvm/java-9-openjdk-i386/bin/java
08ee2000-08f03000 rw-p 00000000 00:00 0          [heap]
637f7000-6380d000 r--s 00000000 08:08 1182321    /usr/share/fonts/type1/gsfonts/n021024l.pfb
6380d000-63824000 r--s 00000000 08:08 1182351    /usr/share/fonts/type1/gsfonts/z003034l.pfb
63824000-6383d000 r--s 00000000 08:08 1182261    /usr/share/fonts/type1/gsfonts/b018012l.pfb
6383d000-63855000 r--s 00000000 08:08 1182279    /usr/share/fonts/type1/gsfonts/c059033l.pfb
63855000-63866000 r--s 00000000 08:08 1182306    /usr/share/fonts/type1/gsfonts/n019063l.pfb
63866000-63878000 r--s 00000000 08:08 1182300    /usr/share/fonts/type1/gsfonts/n019043l.pfb
63878000-63893000 r--s 00000000 08:08 1182336    /usr/share/fonts/type1/gsfonts/p052003l.pfb
63893000-638a9000 r--s 00000000 08:08 1182330    /usr/share/fonts/type1/gsfonts/n022023l.pfb
638a9000-638bb000 r--s 00000000 08:08 1182270    /usr/share/fonts/type1/gsfonts/b018035l.pfb
638bb000-638d4000 r--s 00000000 08:08 1182315    /usr/share/fonts/type1/gsfonts/n021004l.pfb
638d4000-638e0000 r--s 00000000 08:08 1182285    /usr/share/fonts/type1/gsfonts/d050000l.pfb
638e0000-638f1000 r--s 00000000 08:08 1182294    /usr/share/fonts/type1/gsfonts/n019023l.pfb
638f1000-63904000 r--s 00000000 08:08 1182309    /usr/share/fonts/type1/gsfonts/n019064l.pfb
63904000-6390d000 r--s 00000000 08:08 1182348    /usr/share/fonts/type1/gsfonts/s050000l.pfb
6390d000-63924000 r--s 00000000 08:08 1182318    /usr/share/fonts/type1/gsfonts/n021023l.pfb
63924000-6393f000 r--s 00000000 08:08 1182342    /usr/share/fonts/type1/gsfonts/p052023l.pfb
6393f000-6394f000 r--s 00000000 08:08 1182249    /usr/share/fonts/type1/gsfonts/a010013l.pfb
6394f000-63961000 r--s 00000000 08:08 1182291    /usr/share/fonts/type1/gsfonts/n019004l.pfb
63961000-63977000 r--s 00000000 08:08 1182333    /usr/share/fonts/type1/gsfonts/n022024l.pfb
63977000-63990000 r--s 00000000 08:08 1182327    /usr/share/fonts/type1/gsfonts/n022004l.pfb
63990000-639aa000 r--s 00000000 08:08 1182273    /usr/share/fonts/type1/gsfonts/c059013l.pfb
639aa000-639ba000 r--s 00000000 08:08 1182255    /usr/share/fonts/type1/gsfonts/a010033l.pfb
639ba000-639cb000 r--s 00000000 08:08 1182258    /usr/share/fonts/type1/gsfonts/a010035l.pfb
639cb000-639e0000 r--s 00000000 08:08 1182267    /usr/share/fonts/type1/gsfonts/b018032l.pfb
639e0000-639fb000 r--s 00000000 08:08 1182339    /usr/share/fonts/type1/gsfonts/p052004l.pfb
639fb000-63a16000 r--s 00000000 08:08 1182276    /usr/share/fonts/type1/gsfonts/c059016l.pfb
63a16000-63a2f000 r--s 00000000 08:08 1182312    /usr/share/fonts/type1/gsfonts/n021003l.pfb
63a2f000-63a40000 r--s 00000000 08:08 1182297    /usr/share/fonts/type1/gsfonts/n019024l.pfb
63a40000-63a48000 r--s 00000000 08:08 183939     /var/cache/fontconfig/945677eb7aeaf62f1d50efc3fb3ec7d8-le32d4.cache-6
63a48000-63a4c000 r--s 00000000 08:08 183921     /var/cache/fontconfig/2cd17615ca594fa2959ae173292e504c-le32d4.cache-6
63a4c000-63a5b000 r--s 00000000 08:08 183915     /var/cache/fontconfig/04aabc0a78ac019cf9454389977116d2-le32d4.cache-6
63a5b000-63a6b000 r--s 00000000 08:08 183949     /var/cache/fontconfig/d52a8644073d54c13679302ca1180695-le32d4.cache-6
63a6b000-63a74000 r--s 00000000 08:08 184097     /var/cache/fontconfig/d589a48862398ed80a3d6066f4f56f4c-le32d4.cache-6
63a7c000-63a8f000 r--s 00000000 08:08 1182264    /usr/share/fonts/type1/gsfonts/b018015l.pfb
63a8f000-63aab000 r--s 00000000 08:08 1182345    /usr/share/fonts/type1/gsfonts/p052024l.pfb
63aab000-63abb000 r--s 00000000 08:08 1182252    /usr/share/fonts/type1/gsfonts/a010015l.pfb
63abb000-63acf000 r--s 00000000 08:08 1182288    /usr/share/fonts/type1/gsfonts/n019003l.pfb
63acf000-63ae7000 r--s 00000000 08:08 1182282    /usr/share/fonts/type1/gsfonts/c059036l.pfb
63ae7000-63aea000 r--s 00000000 08:08 183925     /var/cache/fontconfig/385c0604a188198f04d133e54aba7fe7-le32d4.cache-6
63aea000-63af2000 r--s 00000000 08:08 183937     /var/cache/fontconfig/83bf95040141907cd45bb53cf7c1c148-le32d4.cache-6
63af2000-63b00000 r--s 00000000 08:08 183941     /var/cache/fontconfig/9b89f8e3dae116d678bbf48e5f21f69b-le32d4.cache-6
63b00000-63b67000 rw-p 00000000 00:00 0 
63b67000-63c00000 ---p 00000000 00:00 0 
63c00000-63c01000 r--s 00000000 08:08 183918     /var/cache/fontconfig/0d8c3b2ac0904cb8a57a757ad11a4a08-le32d4.cache-6
63c01000-63c02000 r--s 00000000 08:08 183920     /var/cache/fontconfig/1ac9eb803944fde146138c791f5cc56a-le32d4.cache-6
63c02000-63c07000 r--s 00000000 08:08 183922     /var/cache/fontconfig/3047814df9a2f067bd2d96a2b9c36e5a-le32d4.cache-6
63c07000-63c87000 rw-p 00000000 00:00 0 
63c87000-63d07000 ---p 00000000 00:00 0 
63d07000-63e07000 rw-p 00000000 00:00 0 
63e07000-63f07000 rw-p 00000000 00:00 0 
63f07000-63f0b000 ---p 00000000 00:00 0 
63f0b000-63f58000 rw-p 00000000 00:00 0 
63f58000-63f5c000 ---p 00000000 00:00 0 
63f5c000-63fa9000 rw-p 00000000 00:00 0 
63fa9000-63fad000 ---p 00000000 00:00 0 
63fad000-63ffa000 rw-p 00000000 00:00 0 
63ffa000-63fff000 r-xp 00000000 08:08 657984     /usr/lib/i386-linux-gnu/libXfixes.so.3.1.0
63fff000-64000000 r--p 00004000 08:08 657984     /usr/lib/i386-linux-gnu/libXfixes.so.3.1.0
64000000-64001000 rw-p 00005000 08:08 657984     /usr/lib/i386-linux-gnu/libXfixes.so.3.1.0
64001000-6400b000 r-xp 00000000 08:08 657976     /usr/lib/i386-linux-gnu/libXcursor.so.1.0.2
6400b000-6400c000 r--p 00009000 08:08 657976     /usr/lib/i386-linux-gnu/libXcursor.so.1.0.2
6400c000-6400d000 rw-p 0000a000 08:08 657976     /usr/lib/i386-linux-gnu/libXcursor.so.1.0.2
6400d000-64011000 ---p 00000000 00:00 0 
64011000-6405e000 rw-p 00000000 00:00 0 
6405e000-64087000 r-xp 00000000 08:08 399319     /lib/i386-linux-gnu/libpng12.so.0.54.0
64087000-64088000 r--p 00028000 08:08 399319     /lib/i386-linux-gnu/libpng12.so.0.54.0
64088000-64089000 rw-p 00029000 08:08 399319     /lib/i386-linux-gnu/libpng12.so.0.54.0
64089000-64134000 r-xp 00000000 08:08 658407     /usr/lib/i386-linux-gnu/libfreetype.so.6.12.1
64134000-64138000 r--p 000aa000 08:08 658407     /usr/lib/i386-linux-gnu/libfreetype.so.6.12.1
64138000-64139000 rw-p 000ae000 08:08 658407     /usr/lib/i386-linux-gnu/libfreetype.so.6.12.1
64139000-641fb000 r-xp 00000000 08:08 549343     /usr/lib/jvm/java-9-openjdk-i386/lib/i386/libfontmanager.so
641fb000-641fd000 r--p 000c1000 08:08 549343     /usr/lib/jvm/java-9-openjdk-i386/lib/i386/libfontmanager.so
641fd000-641fe000 rw-p 000c3000 08:08 549343     /usr/lib/jvm/java-9-openjdk-i386/lib/i386/libfontmanager.so
641fe000-642fe000 rw-p 00000000 00:00 0 
642fe000-64324000 r--p 00000000 08:08 932226     /usr/share/locale-langpack/fr/LC_MESSAGES/libc.mo
64324000-64348000 r-xp 00000000 08:08 659382     /usr/lib/i386-linux-gnu/libxcb.so.1.1.0
64348000-64349000 r--p 00023000 08:08 659382     /usr/lib/i386-linux-gnu/libxcb.so.1.1.0
64349000-6434a000 rw-p 00024000 08:08 659382     /usr/lib/i386-linux-gnu/libxcb.so.1.1.0
6434a000-6435b000 r-xp 00000000 08:08 657992     /usr/lib/i386-linux-gnu/libXi.so.6.1.0
6435b000-6435c000 r--p 00010000 08:08 657992     /usr/lib/i386-linux-gnu/libXi.so.6.1.0
6435c000-6435d000 rw-p 00011000 08:08 657992     /usr/lib/i386-linux-gnu/libXi.so.6.1.0
6435d000-644a3000 r-xp 00000000 08:08 657965     /usr/lib/i386-linux-gnu/libX11.so.6.3.0
644a3000-644a4000 ---p 00146000 08:08 657965     /usr/lib/i386-linux-gnu/libX11.so.6.3.0
644a4000-644a5000 r--p 00146000 08:08 657965     /usr/lib/i386-linux-gnu/libX11.so.6.3.0
644a5000-644a7000 rw-p 00147000 08:08 657965     /usr/lib/i386-linux-gnu/libX11.so.6.3.0
644a7000-644a8000 rw-p 00000000 00:00 0 
644a8000-644fc000 r-xp 00000000 08:08 549371     /usr/lib/jvm/java-9-openjdk-i386/lib/i386/libawt_xawt.so
644fc000-644fd000 r--p 00053000 08:08 549371     /usr/lib/jvm/java-9-openjdk-i386/lib/i386/libawt_xawt.so
644fd000-644ff000 rw-p 00054000 08:08 549371     /usr/lib/jvm/java-9-openjdk-i386/lib/i386/libawt_xawt.so
644ff000-64500000 rw-p 00000000 00:00 0 
64500000-64554000 rw-p 00000000 00:00 0 
64554000-64600000 ---p 00000000 00:00 0 
64600000-64604000 r--s 00000000 08:08 183938     /var/cache/fontconfig/8801497958630a81b71ace7c5f9b32a8-le32d4.cache-6
6460a000-6461c000 r--s 00000000 08:08 1182303    /usr/share/fonts/type1/gsfonts/n019044l.pfb
6461c000-64623000 r--s 00000000 08:08 660511     /usr/lib/i386-linux-gnu/gconv/gconv-modules.cache
64623000-646b9000 r-xp 00000000 08:08 549342     /usr/lib/jvm/java-9-openjdk-i386/lib/i386/libawt.so
646b9000-646ba000 r--p 00095000 08:08 549342     /usr/lib/jvm/java-9-openjdk-i386/lib/i386/libawt.so
646ba000-646c1000 rw-p 00096000 08:08 549342     /usr/lib/jvm/java-9-openjdk-i386/lib/i386/libawt.so
646c1000-646e5000 rw-p 00000000 00:00 0 
646e5000-646e6000 ---p 00000000 00:00 0 
646e6000-64766000 rw-p 00000000 00:00 0 
64766000-6476a000 ---p 00000000 00:00 0 
6476a000-647b7000 rw-p 00000000 00:00 0 
647b7000-647bb000 ---p 00000000 00:00 0 
647bb000-66409000 rw-p 00000000 00:00 0 
66409000-6640d000 ---p 00000000 00:00 0 
6640d000-6645a000 rw-p 00000000 00:00 0 
6645a000-6645e000 ---p 00000000 00:00 0 
6645e000-664db000 rw-p 00000000 00:00 0 
664db000-664df000 ---p 00000000 00:00 0 
664df000-6655c000 rw-p 00000000 00:00 0 
6655c000-66560000 ---p 00000000 00:00 0 
66560000-665dd000 rw-p 00000000 00:00 0 
665dd000-665e1000 ---p 00000000 00:00 0 
665e1000-6662e000 rw-p 00000000 00:00 0 
6662e000-66632000 ---p 00000000 00:00 0 
66632000-6667f000 rw-p 00000000 00:00 0 
6667f000-6687f000 r--p 00000000 08:08 662647     /usr/lib/locale/locale-archive
6687f000-66880000 ---p 00000000 00:00 0 
66880000-66900000 rw-p 00000000 00:00 0 
66900000-669fe000 rw-p 00000000 00:00 0 
669fe000-66a00000 ---p 00000000 00:00 0 
66a00000-66a01000 r--s 00000000 08:08 183952     /var/cache/fontconfig/dc05db6664285cc2f12bf69c139ae4c3-le32d4.cache-6
66a01000-66a05000 r--s 00000000 08:08 183943     /var/cache/fontconfig/b47c4e1ecd0709278f4910c18777a504-le32d4.cache-6
66a05000-66a09000 ---p 00000000 00:00 0 
66a09000-66e9c000 rw-p 00000000 00:00 0 
66e9c000-66ea2000 ---p 00000000 00:00 0 
66ea2000-66ea3000 ---p 00000000 00:00 0 
66ea3000-66f23000 rw-p 00000000 00:00 0 
66f23000-66f24000 ---p 00000000 00:00 0 
66f24000-6709c000 rw-p 00000000 00:00 0 
6709c000-67efc000 ---p 00000000 00:00 0 
67efc000-67ff4000 rw-p 00000000 00:00 0 
67ff4000-68e54000 ---p 00000000 00:00 0 
68e54000-68e73000 rw-p 00000000 00:00 0 
68e73000-6903f000 ---p 00000000 00:00 0 
6903f000-6905e000 rw-p 00000000 00:00 0 
6905e000-69415000 ---p 00000000 00:00 0 
69415000-69434000 rw-p 00000000 00:00 0 
69434000-69600000 ---p 00000000 00:00 0 
69600000-6d400000 rw-p 00000000 00:00 0 
6d400000-a6c00000 ---p 00000000 00:00 0 
a6c00000-a6c13000 r-xp 00000000 08:08 657982     /usr/lib/i386-linux-gnu/libXext.so.6.4.0
a6c13000-a6c14000 r--p 00012000 08:08 657982     /usr/lib/i386-linux-gnu/libXext.so.6.4.0
a6c14000-a6c15000 rw-p 00013000 08:08 657982     /usr/lib/i386-linux-gnu/libXext.so.6.4.0
a6c15000-a6c2a000 r-xp 00000000 08:08 549344     /usr/lib/jvm/java-9-openjdk-i386/lib/i386/libnet.so
a6c2a000-a6c2b000 r--p 00014000 08:08 549344     /usr/lib/jvm/java-9-openjdk-i386/lib/i386/libnet.so
a6c2b000-a6c2c000 rw-p 00015000 08:08 549344     /usr/lib/jvm/java-9-openjdk-i386/lib/i386/libnet.so
a6c2c000-a6c30000 ---p 00000000 00:00 0 
a6c30000-a6c7d000 rw-p 00000000 00:00 0 
a6c7d000-a6c7e000 ---p 00000000 00:00 0 
a6c7e000-a6cfe000 rw-p 00000000 00:00 0 
a6cfe000-a6cff000 ---p 00000000 00:00 0 
a6cff000-a6d7f000 rw-p 00000000 00:00 0 
a6d7f000-a6d80000 ---p 00000000 00:00 0 
a6d80000-a6e00000 rw-p 00000000 00:00 0 
a6e00000-a6e21000 rw-p 00000000 00:00 0 
a6e21000-a6f00000 ---p 00000000 00:00 0 
a6f00000-a6f02000 r--s 00000000 08:08 183935     /var/cache/fontconfig/767a8244fc0220cfb567a839d0392e0b-le32d4.cache-6
a6f02000-a6f03000 r--s 00000000 08:08 183926     /var/cache/fontconfig/4794a0821666d79190d59a36cb4f44b5-le32d4.cache-6
a6f03000-a6f08000 r-xp 00000000 08:08 657980     /usr/lib/i386-linux-gnu/libXdmcp.so.6.0.0
a6f08000-a6f09000 r--p 00004000 08:08 657980     /usr/lib/i386-linux-gnu/libXdmcp.so.6.0.0
a6f09000-a6f0a000 rw-p 00005000 08:08 657980     /usr/lib/i386-linux-gnu/libXdmcp.so.6.0.0
a6f0a000-a6f0f000 r-xp 00000000 08:08 658010     /usr/lib/i386-linux-gnu/libXtst.so.6.1.0
a6f0f000-a6f10000 r--p 00004000 08:08 658010     /usr/lib/i386-linux-gnu/libXtst.so.6.1.0
a6f10000-a6f11000 rw-p 00005000 08:08 658010     /usr/lib/i386-linux-gnu/libXtst.so.6.1.0
a6f11000-a6f22000 r-xp 00000000 08:08 549372     /usr/lib/jvm/java-9-openjdk-i386/lib/i386/libnio.so
a6f22000-a6f23000 r--p 00010000 08:08 549372     /usr/lib/jvm/java-9-openjdk-i386/lib/i386/libnio.so
a6f23000-a6f24000 rw-p 00011000 08:08 549372     /usr/lib/jvm/java-9-openjdk-i386/lib/i386/libnio.so
a6f24000-a6f7f000 rw-p 00000000 00:00 0 
a6f7f000-a6f80000 ---p 00000000 00:00 0 
a6f80000-a7000000 rw-p 00000000 00:00 0 
a7000000-a70f3000 rw-p 00000000 00:00 0 
a70f3000-a7100000 ---p 00000000 00:00 0 
a7100000-a7101000 r--s 00000000 08:08 183945     /var/cache/fontconfig/bab58bb527bb656aaa9f116d68a48d89-le32d4.cache-6
a7101000-a7102000 r--s 00000000 08:08 183929     /var/cache/fontconfig/56cf4f4769d0f4abc89a4895d7bd3ae1-le32d4.cache-6
a7102000-a7103000 r--s 00000000 08:08 183944     /var/cache/fontconfig/b9d506c9ac06c20b433354fa67a72993-le32d4.cache-6
a7103000-a717f000 rw-p 00000000 00:00 0 
a717f000-a7180000 ---p 00000000 00:00 0 
a7180000-a7200000 rw-p 00000000 00:00 0 
a7200000-a72fa000 rw-p 00000000 00:00 0 
a72fa000-a7300000 ---p 00000000 00:00 0 
a7300000-a7303000 r--s 00000000 08:08 183934     /var/cache/fontconfig/75114ca45c98e8a441da0ff356701271-le32d4.cache-6
a7303000-a737f000 rw-p 00000000 00:00 0 
a737f000-a7380000 ---p 00000000 00:00 0 
a7380000-a7400000 rw-p 00000000 00:00 0 
a7400000-a7421000 rw-p 00000000 00:00 0 
a7421000-a7500000 ---p 00000000 00:00 0 
a7500000-a75fa000 rw-p 00000000 00:00 0 
a75fa000-a7600000 ---p 00000000 00:00 0 
a7600000-a7621000 rw-p 00000000 00:00 0 
a7621000-a7700000 ---p 00000000 00:00 0 
a7700000-a7701000 r--s 00000000 08:08 183928     /var/cache/fontconfig/551ecf3b0e8b0bca0f25c0944f561853-le32d4.cache-6
a7701000-a7703000 r--s 00000000 08:08 183953     /var/cache/fontconfig/e13b20fdb08344e0e664864cc2ede53d-le32d4.cache-6
a7703000-a7706000 r--s 00000000 08:08 183931     /var/cache/fontconfig/7ef2298fde41cc6eeb7af42e48b7d293-le32d4.cache-6
a7706000-a7710000 r-xp 00000000 08:08 658004     /usr/lib/i386-linux-gnu/libXrender.so.1.3.0
a7710000-a7711000 r--p 00009000 08:08 658004     /usr/lib/i386-linux-gnu/libXrender.so.1.3.0
a7711000-a7712000 rw-p 0000a000 08:08 658004     /usr/lib/i386-linux-gnu/libXrender.so.1.3.0
a7712000-a7770000 rw-p 00000000 00:00 0 
a7770000-a7771000 ---p 00000000 00:00 0 
a7771000-a77f1000 rw-p 00000000 00:00 0 
a77f1000-a77f2000 ---p 00000000 00:00 0 
a77f2000-a7872000 rw-p 00000000 00:00 0 
a7872000-a7873000 ---p 00000000 00:00 0 
a7873000-a78f8000 rw-p 00000000 00:00 0 
a78f8000-a79de000 ---p 00000000 00:00 0 
a79de000-a79e3000 rw-p 00000000 00:00 0 
a79e3000-a7ac9000 ---p 00000000 00:00 0 
a7ac9000-a7d09000 rwxp 00000000 00:00 0 
a7d09000-a8012000 ---p 00000000 00:00 0 
a8012000-a8252000 rwxp 00000000 00:00 0 
a8252000-af56d000 ---p 00000000 00:00 0 
af56d000-af7ad000 rwxp 00000000 00:00 0 
af7ad000-b6ac9000 ---p 00000000 00:00 0 
b6ac9000-b6c84000 r--s 00000000 08:08 549332     /usr/lib/jvm/java-9-openjdk-i386/lib/modules
b6c84000-b6c8f000 r-xp 00000000 08:08 394286     /lib/i386-linux-gnu/libnss_files-2.23.so
b6c8f000-b6c90000 r--p 0000a000 08:08 394286     /lib/i386-linux-gnu/libnss_files-2.23.so
b6c90000-b6c91000 rw-p 0000b000 08:08 394286     /lib/i386-linux-gnu/libnss_files-2.23.so
b6c91000-b6c97000 rw-p 00000000 00:00 0 
b6c97000-b6ca2000 r-xp 00000000 08:08 394296     /lib/i386-linux-gnu/libnss_nis-2.23.so
b6ca2000-b6ca3000 r--p 0000a000 08:08 394296     /lib/i386-linux-gnu/libnss_nis-2.23.so
b6ca3000-b6ca4000 rw-p 0000b000 08:08 394296     /lib/i386-linux-gnu/libnss_nis-2.23.so
b6ca4000-b6cbb000 r-xp 00000000 08:08 394280     /lib/i386-linux-gnu/libnsl-2.23.so
b6cbb000-b6cbc000 r--p 00016000 08:08 394280     /lib/i386-linux-gnu/libnsl-2.23.so
b6cbc000-b6cbd000 rw-p 00017000 08:08 394280     /lib/i386-linux-gnu/libnsl-2.23.so
b6cbd000-b6cbf000 rw-p 00000000 00:00 0 
b6cbf000-b6cc0000 r--s 00000000 08:08 183923     /var/cache/fontconfig/30829fa25452a46451e813d634d7f916-le32d4.cache-6
b6cc0000-b6cc2000 r-xp 00000000 08:08 657969     /usr/lib/i386-linux-gnu/libXau.so.6.0.0
b6cc2000-b6cc3000 r--p 00001000 08:08 657969     /usr/lib/i386-linux-gnu/libXau.so.6.0.0
b6cc3000-b6cc4000 rw-p 00002000 08:08 657969     /usr/lib/i386-linux-gnu/libXau.so.6.0.0
b6cc4000-b6cc9000 rw-p 00000000 00:00 0 
b6cc9000-b6ccf000 ---p 00000000 00:00 0 
b6ccf000-b6cd6000 r-xp 00000000 08:08 549353     /usr/lib/jvm/java-9-openjdk-i386/lib/i386/libzip.so
b6cd6000-b6cd7000 r--p 00006000 08:08 549353     /usr/lib/jvm/java-9-openjdk-i386/lib/i386/libzip.so
b6cd7000-b6cd8000 rw-p 00007000 08:08 549353     /usr/lib/jvm/java-9-openjdk-i386/lib/i386/libzip.so
b6cd8000-b6cfe000 r-xp 00000000 08:08 549337     /usr/lib/jvm/java-9-openjdk-i386/lib/i386/libjava.so
b6cfe000-b6cff000 r--p 00025000 08:08 549337     /usr/lib/jvm/java-9-openjdk-i386/lib/i386/libjava.so
b6cff000-b6d00000 rw-p 00026000 08:08 549337     /usr/lib/jvm/java-9-openjdk-i386/lib/i386/libjava.so
b6d00000-b6e00000 rw-p 00000000 00:00 0 
b6e00000-b6e01000 r--s 00000000 08:08 183917     /var/cache/fontconfig/0c9eb80ebd1c36541ebe2852d3bb0c49-le32d4.cache-6
b6e01000-b6e06000 r-xp 00000000 08:08 549357     /usr/lib/jvm/java-9-openjdk-i386/lib/i386/libjimage.so
b6e06000-b6e07000 r--p 00004000 08:08 549357     /usr/lib/jvm/java-9-openjdk-i386/lib/i386/libjimage.so
b6e07000-b6e08000 rw-p 00005000 08:08 549357     /usr/lib/jvm/java-9-openjdk-i386/lib/i386/libjimage.so
b6e08000-b6e10000 r-xp 00000000 08:08 394282     /lib/i386-linux-gnu/libnss_compat-2.23.so
b6e10000-b6e11000 r--p 00007000 08:08 394282     /lib/i386-linux-gnu/libnss_compat-2.23.so
b6e11000-b6e12000 rw-p 00008000 08:08 394282     /lib/i386-linux-gnu/libnss_compat-2.23.so
b6e12000-b6e19000 r-xp 00000000 08:08 394341     /lib/i386-linux-gnu/librt-2.23.so
b6e19000-b6e1a000 r--p 00006000 08:08 394341     /lib/i386-linux-gnu/librt-2.23.so
b6e1a000-b6e1b000 rw-p 00007000 08:08 394341     /lib/i386-linux-gnu/librt-2.23.so
b6e1b000-b6e1f000 ---p 00000000 00:00 0 
b6e1f000-b6e6c000 rw-p 00000000 00:00 0 
b6e6c000-b6e88000 r-xp 00000000 08:08 394227     /lib/i386-linux-gnu/libgcc_s.so.1
b6e88000-b6e89000 rw-p 0001b000 08:08 394227     /lib/i386-linux-gnu/libgcc_s.so.1
b6e89000-b6edc000 r-xp 00000000 08:08 394259     /lib/i386-linux-gnu/libm-2.23.so
b6edc000-b6edd000 r--p 00052000 08:08 394259     /lib/i386-linux-gnu/libm-2.23.so
b6edd000-b6ede000 rw-p 00053000 08:08 394259     /lib/i386-linux-gnu/libm-2.23.so
b6ede000-b704b000 r-xp 00000000 08:08 654530     /usr/lib/i386-linux-gnu/libstdc++.so.6.0.21
b704b000-b704c000 ---p 0016d000 08:08 654530     /usr/lib/i386-linux-gnu/libstdc++.so.6.0.21
b704c000-b7051000 r--p 0016d000 08:08 654530     /usr/lib/i386-linux-gnu/libstdc++.so.6.0.21
b7051000-b7052000 rw-p 00172000 08:08 654530     /usr/lib/i386-linux-gnu/libstdc++.so.6.0.21
b7052000-b7055000 rw-p 00000000 00:00 0 
b7055000-b7c81000 r-xp 00000000 08:08 549350     /usr/lib/jvm/java-9-openjdk-i386/lib/i386/server/libjvm.so
b7c81000-b7cd6000 r--p 00c2b000 08:08 549350     /usr/lib/jvm/java-9-openjdk-i386/lib/i386/server/libjvm.so
b7cd6000-b7cf4000 rw-p 00c80000 08:08 549350     /usr/lib/jvm/java-9-openjdk-i386/lib/i386/server/libjvm.so
b7cf4000-b7d1c000 rw-p 00000000 00:00 0 
b7d1c000-b7d35000 r-xp 00000000 08:08 394333     /lib/i386-linux-gnu/libpthread-2.23.so
b7d35000-b7d36000 r--p 00018000 08:08 394333     /lib/i386-linux-gnu/libpthread-2.23.so
b7d36000-b7d37000 rw-p 00019000 08:08 394333     /lib/i386-linux-gnu/libpthread-2.23.so
b7d37000-b7d3a000 rw-p 00000000 00:00 0 
b7d3a000-b7d3d000 r-xp 00000000 08:08 394213     /lib/i386-linux-gnu/libdl-2.23.so
b7d3d000-b7d3e000 r--p 00002000 08:08 394213     /lib/i386-linux-gnu/libdl-2.23.so
b7d3e000-b7d3f000 rw-p 00003000 08:08 394213     /lib/i386-linux-gnu/libdl-2.23.so
b7d3f000-b7d58000 r-xp 00000000 08:08 394378     /lib/i386-linux-gnu/libz.so.1.2.8
b7d58000-b7d59000 r--p 00018000 08:08 394378     /lib/i386-linux-gnu/libz.so.1.2.8
b7d59000-b7d5a000 rw-p 00019000 08:08 394378     /lib/i386-linux-gnu/libz.so.1.2.8
b7d5a000-b7f0a000 r-xp 00000000 08:08 394189     /lib/i386-linux-gnu/libc-2.23.so
b7f0a000-b7f0c000 r--p 001af000 08:08 394189     /lib/i386-linux-gnu/libc-2.23.so
b7f0c000-b7f0d000 rw-p 001b1000 08:08 394189     /lib/i386-linux-gnu/libc-2.23.so
b7f0d000-b7f10000 rw-p 00000000 00:00 0 
b7f10000-b7f11000 r--p 009bd000 08:08 662647     /usr/lib/locale/locale-archive
b7f11000-b7f19000 rw-s 00000000 08:08 1205493    /tmp/hsperfdata_traore/13641
b7f19000-b7f1a000 rw-p 00000000 00:00 0 
b7f1a000-b7f1b000 r--p 00000000 00:00 0 
b7f1b000-b7f26000 r-xp 00000000 08:08 549338     /usr/lib/jvm/java-9-openjdk-i386/lib/i386/libverify.so
b7f26000-b7f27000 ---p 0000b000 08:08 549338     /usr/lib/jvm/java-9-openjdk-i386/lib/i386/libverify.so
b7f27000-b7f28000 r--p 0000b000 08:08 549338     /usr/lib/jvm/java-9-openjdk-i386/lib/i386/libverify.so
b7f28000-b7f29000 rw-p 0000c000 08:08 549338     /usr/lib/jvm/java-9-openjdk-i386/lib/i386/libverify.so
b7f29000-b7f37000 r-xp 00000000 08:08 549369     /usr/lib/jvm/java-9-openjdk-i386/lib/i386/jli/libjli.so
b7f37000-b7f38000 r--p 0000d000 08:08 549369     /usr/lib/jvm/java-9-openjdk-i386/lib/i386/jli/libjli.so
b7f38000-b7f39000 rw-p 0000e000 08:08 549369     /usr/lib/jvm/java-9-openjdk-i386/lib/i386/jli/libjli.so
b7f39000-b7f3a000 rw-p 00000000 00:00 0 
b7f3a000-b7f3d000 r--p 00000000 00:00 0          [vvar]
b7f3d000-b7f3f000 r-xp 00000000 00:00 0          [vdso]
b7f3f000-b7f62000 r-xp 00000000 08:08 394161     /lib/i386-linux-gnu/ld-2.23.so
b7f62000-b7f63000 r--p 00022000 08:08 394161     /lib/i386-linux-gnu/ld-2.23.so
b7f63000-b7f64000 rw-p 00023000 08:08 394161     /lib/i386-linux-gnu/ld-2.23.so
bfd13000-bfd34000 rw-p 00000000 00:00 0          [stack]

VM Arguments:
java_command: drawgram.DrawgramUserInterface
java_class_path (initial): DrawTree.jar
Launcher Type: SUN_STANDARD

Environment Variables:
PATH=/usr/lib/phylip/bin:/home/traore/bin:/home/traore/.local/bin:/usr/local/sbin:/usr/local/bin:/usr/sbin:/usr/bin:/sbin:/bin:/usr/games:/usr/local/games:/snap/bin
SHELL=/bin/bash
DISPLAY=:0

Signal Handlers:
SIGSEGV: [libjvm.so+0x9e08a0], sa_mask[0]=11111111011111111101111111111110, sa_flags=SA_RESTART|SA_SIGINFO
SIGBUS: [libjvm.so+0x9e08a0], sa_mask[0]=11111111011111111101111111111110, sa_flags=SA_RESTART|SA_SIGINFO
SIGFPE: [libjvm.so+0x9e08a0], sa_mask[0]=11111111011111111101111111111110, sa_flags=SA_RESTART|SA_SIGINFO
SIGPIPE: [libjvm.so+0x832630], sa_mask[0]=11111111011111111101111111111110, sa_flags=SA_RESTART|SA_SIGINFO
SIGXFSZ: [libjvm.so+0x832630], sa_mask[0]=11111111011111111101111111111110, sa_flags=SA_RESTART|SA_SIGINFO
SIGILL: [libjvm.so+0x9e08a0], sa_mask[0]=11111111011111111101111111111110, sa_flags=SA_RESTART|SA_SIGINFO
SIGUSR2: [libjvm.so+0x832460], sa_mask[0]=00000000000000000000000000000000, sa_flags=SA_RESTART|SA_SIGINFO
SIGHUP: [libjvm.so+0x8328a0], sa_mask[0]=11111111011111111101111111111110, sa_flags=SA_RESTART|SA_SIGINFO
SIGINT: [libjvm.so+0x8328a0], sa_mask[0]=11111111011111111101111111111110, sa_flags=SA_RESTART|SA_SIGINFO
SIGTERM: [libjvm.so+0x8328a0], sa_mask[0]=11111111011111111101111111111110, sa_flags=SA_RESTART|SA_SIGINFO
SIGQUIT: [libjvm.so+0x8328a0], sa_mask[0]=11111111011111111101111111111110, sa_flags=SA_RESTART|SA_SIGINFO


---------------  S Y S T E M  ---------------

OS:DISTRIB_ID=Ubuntu
DISTRIB_RELEASE=16.04
DISTRIB_CODENAME=xenial
DISTRIB_DESCRIPTION="Ubuntu 16.04.4 LTS"
uname:Linux 4.15.0-24-generic #26~16.04.1-Ubuntu SMP Fri Jun 15 14:34:39 UTC 2018 i686
libc:glibc 2.23 NPTL 2.23 
rlimit: STACK 8192k, CORE 0k, NPROC 31032, NOFILE 1048576, AS infinity
load average:3,27 2,50 1,37

/proc/meminfo:
MemTotal:        4021372 kB
MemFree:          232232 kB
MemAvailable:     998444 kB
Buffers:          198432 kB
Cached:          1220028 kB
SwapCached:            0 kB
Active:          1711104 kB
Inactive:         861432 kB
Active(anon):    1117292 kB
Inactive(anon):   369692 kB
Active(file):     593812 kB
Inactive(file):   491740 kB
Unevictable:          32 kB
Mlocked:              32 kB
HighTotal:       3171108 kB
HighFree:          39408 kB
LowTotal:         850264 kB
LowFree:          192824 kB
SwapTotal:       4075516 kB
SwapFree:        4075516 kB
Dirty:             29888 kB
Writeback:             0 kB
AnonPages:       1154212 kB
Mapped:          1485476 kB
Shmem:            332904 kB
Slab:              78488 kB
SReclaimable:      46288 kB
SUnreclaim:        32200 kB
KernelStack:        6392 kB
PageTables:        18296 kB
NFS_Unstable:          0 kB
Bounce:                0 kB
WritebackTmp:          0 kB
CommitLimit:     6086200 kB
Committed_AS:    8124068 kB
VmallocTotal:     122880 kB
VmallocUsed:           0 kB
VmallocChunk:          0 kB
AnonHugePages:         0 kB
ShmemHugePages:        0 kB
ShmemPmdMapped:        0 kB
CmaTotal:              0 kB
CmaFree:               0 kB
HugePages_Total:       0
HugePages_Free:        0
HugePages_Rsvd:        0
HugePages_Surp:        0
Hugepagesize:       2048 kB
DirectMap4k:       10232 kB
DirectMap2M:      897024 kB


CPU:total 4 (2 cores per cpu, 2 threads per core) family 6 model 58 stepping 9, cmov, cx8, fxsr, mmx, sse, sse2, sse3, ssse3, sse4.1, sse4.2, popcnt, avx, aes, clmul, erms, ht, tsc, tscinvbit, tscinv

CPU Model and flags from /proc/cpuinfo:
model name	: Intel(R) Core(TM) i5-3340M CPU @ 2.70GHz
flags		: fpu vme de pse tsc msr pae mce cx8 apic sep mtrr pge mca cmov pat pse36 clflush dts acpi mmx fxsr sse sse2 ss ht tm pbe nx rdtscp lm constant_tsc arch_perfmon pebs bts xtopology nonstop_tsc cpuid aperfmperf pni pclmulqdq dtes64 monitor ds_cpl vmx smx est tm2 ssse3 cx16 xtpr pdcm sse4_1 sse4_2 x2apic popcnt tsc_deadline_timer aes xsave avx f16c rdrand lahf_lm cpuid_fault epb ibrs ibpb stibp tpr_shadow vnmi flexpriority ept vpid fsgsbase smep erms xsaveopt dtherm ida arat pln pts

Memory: 4k page, physical 4021372k(232232k free), swap 4075516k(4075516k free)

vm_info: OpenJDK Server VM (9-internal+0-2016-04-14-195526.buildd.src) for linux-x86 JRE (9-internal+0-2016-04-14-195526.buildd.src), built on Apr 14 2016 20:15:09 by "buildd" with gcc 5.3.1 20160413

END.
